[2021-08-10 16:07:00,916] {taskinstance.py:670} INFO - Dependencies all met for <TaskInstance: twitter_dag.transform_twitter_aluraonline 2021-08-09T09:00:00+00:00 [queued]>
[2021-08-10 16:07:00,931] {taskinstance.py:670} INFO - Dependencies all met for <TaskInstance: twitter_dag.transform_twitter_aluraonline 2021-08-09T09:00:00+00:00 [queued]>
[2021-08-10 16:07:00,931] {taskinstance.py:880} INFO - 
--------------------------------------------------------------------------------
[2021-08-10 16:07:00,931] {taskinstance.py:881} INFO - Starting attempt 1 of 1
[2021-08-10 16:07:00,931] {taskinstance.py:882} INFO - 
--------------------------------------------------------------------------------
[2021-08-10 16:07:00,949] {taskinstance.py:901} INFO - Executing <Task(SparkSubmitOperator): transform_twitter_aluraonline> on 2021-08-09T09:00:00+00:00
[2021-08-10 16:07:00,952] {standard_task_runner.py:54} INFO - Started process 19057 to run task
[2021-08-10 16:07:01,056] {standard_task_runner.py:77} INFO - Running: ['airflow', 'run', 'twitter_dag', 'transform_twitter_aluraonline', '2021-08-09T09:00:00+00:00', '--job_id', '27', '--pool', 'default_pool', '--raw', '-sd', 'DAGS_FOLDER/twitter_dag.py', '--cfg_path', '/tmp/tmpcxw0d9pr']
[2021-08-10 16:07:01,056] {standard_task_runner.py:78} INFO - Job 27: Subtask transform_twitter_aluraonline
[2021-08-10 16:07:01,089] {logging_mixin.py:112} INFO - Running <TaskInstance: twitter_dag.transform_twitter_aluraonline 2021-08-09T09:00:00+00:00 [running]> on host SAFIRA-097.safira.local
[2021-08-10 16:07:01,133] {base_hook.py:89} INFO - Using connection to: id: spark_default. Host: local, Port: None, Schema: , Login: , Password: None, extra: XXXXXXXX
[2021-08-10 16:07:01,135] {spark_submit_hook.py:325} INFO - Spark-Submit cmd: /home/ibernardes/datapipeline/spark-3.1.2-bin-hadoop3.2/bin/spark-submit --master local --name twitter_transformation /home/ibernardes/datapipeline/spark/transformation.py --src /home/ibernardes/datapipeline/datalake/bronze/twitter_aluraonline/extract_date=2021-08-09 --dest /home/ibernardes/datapipeline/datalake/silver/twitter_aluraonline/ --process-date 2021-08-09
[2021-08-10 16:07:02,121] {spark_submit_hook.py:479} INFO - 21/08/10 16:07:02 WARN Utils: Your hostname, SAFIRA-097 resolves to a loopback address: 127.0.1.1; using 172.27.122.8 instead (on interface eth0)
[2021-08-10 16:07:02,121] {spark_submit_hook.py:479} INFO - 21/08/10 16:07:02 WARN Utils: Set SPARK_LOCAL_IP if you need to bind to another address
[2021-08-10 16:07:03,529] {spark_submit_hook.py:479} INFO - 21/08/10 16:07:03 WARN NativeCodeLoader: Unable to load native-hadoop library for your platform... using builtin-java classes where applicable
[2021-08-10 16:07:04,221] {spark_submit_hook.py:479} INFO - 21/08/10 16:07:04 INFO SparkContext: Running Spark version 3.1.2
[2021-08-10 16:07:04,263] {spark_submit_hook.py:479} INFO - 21/08/10 16:07:04 INFO ResourceUtils: ==============================================================
[2021-08-10 16:07:04,264] {spark_submit_hook.py:479} INFO - 21/08/10 16:07:04 INFO ResourceUtils: No custom resources configured for spark.driver.
[2021-08-10 16:07:04,265] {spark_submit_hook.py:479} INFO - 21/08/10 16:07:04 INFO ResourceUtils: ==============================================================
[2021-08-10 16:07:04,265] {spark_submit_hook.py:479} INFO - 21/08/10 16:07:04 INFO SparkContext: Submitted application: twitter_transformation
[2021-08-10 16:07:04,290] {spark_submit_hook.py:479} INFO - 21/08/10 16:07:04 INFO ResourceProfile: Default ResourceProfile created, executor resources: Map(cores -> name: cores, amount: 1, script: , vendor: , memory -> name: memory, amount: 1024, script: , vendor: , offHeap -> name: offHeap, amount: 0, script: , vendor: ), task resources: Map(cpus -> name: cpus, amount: 1.0)
[2021-08-10 16:07:04,302] {spark_submit_hook.py:479} INFO - 21/08/10 16:07:04 INFO ResourceProfile: Limiting resource is cpu
[2021-08-10 16:07:04,302] {spark_submit_hook.py:479} INFO - 21/08/10 16:07:04 INFO ResourceProfileManager: Added ResourceProfile id: 0
[2021-08-10 16:07:04,361] {spark_submit_hook.py:479} INFO - 21/08/10 16:07:04 INFO SecurityManager: Changing view acls to: ibernardes
[2021-08-10 16:07:04,361] {spark_submit_hook.py:479} INFO - 21/08/10 16:07:04 INFO SecurityManager: Changing modify acls to: ibernardes
[2021-08-10 16:07:04,361] {spark_submit_hook.py:479} INFO - 21/08/10 16:07:04 INFO SecurityManager: Changing view acls groups to:
[2021-08-10 16:07:04,361] {spark_submit_hook.py:479} INFO - 21/08/10 16:07:04 INFO SecurityManager: Changing modify acls groups to:
[2021-08-10 16:07:04,361] {spark_submit_hook.py:479} INFO - 21/08/10 16:07:04 INFO SecurityManager: SecurityManager: authentication disabled; ui acls disabled; users  with view permissions: Set(ibernardes); groups with view permissions: Set(); users  with modify permissions: Set(ibernardes); groups with modify permissions: Set()
[2021-08-10 16:07:04,537] {spark_submit_hook.py:479} INFO - 21/08/10 16:07:04 INFO Utils: Successfully started service 'sparkDriver' on port 46873.
[2021-08-10 16:07:04,567] {spark_submit_hook.py:479} INFO - 21/08/10 16:07:04 INFO SparkEnv: Registering MapOutputTracker
[2021-08-10 16:07:04,600] {spark_submit_hook.py:479} INFO - 21/08/10 16:07:04 INFO SparkEnv: Registering BlockManagerMaster
[2021-08-10 16:07:04,619] {spark_submit_hook.py:479} INFO - 21/08/10 16:07:04 INFO BlockManagerMasterEndpoint: Using org.apache.spark.storage.DefaultTopologyMapper for getting topology information
[2021-08-10 16:07:04,619] {spark_submit_hook.py:479} INFO - 21/08/10 16:07:04 INFO BlockManagerMasterEndpoint: BlockManagerMasterEndpoint up
[2021-08-10 16:07:04,625] {spark_submit_hook.py:479} INFO - 21/08/10 16:07:04 INFO SparkEnv: Registering BlockManagerMasterHeartbeat
[2021-08-10 16:07:04,638] {spark_submit_hook.py:479} INFO - 21/08/10 16:07:04 INFO DiskBlockManager: Created local directory at /tmp/blockmgr-b09cec13-13d4-40d8-bc2c-a7a42402dda9
[2021-08-10 16:07:04,663] {spark_submit_hook.py:479} INFO - 21/08/10 16:07:04 INFO MemoryStore: MemoryStore started with capacity 366.3 MiB
[2021-08-10 16:07:04,681] {spark_submit_hook.py:479} INFO - 21/08/10 16:07:04 INFO SparkEnv: Registering OutputCommitCoordinator
[2021-08-10 16:07:04,920] {spark_submit_hook.py:479} INFO - 21/08/10 16:07:04 INFO Utils: Successfully started service 'SparkUI' on port 4040.
[2021-08-10 16:07:04,984] {spark_submit_hook.py:479} INFO - 21/08/10 16:07:04 INFO SparkUI: Bound SparkUI to 0.0.0.0, and started at http://172.27.122.8:4040
[2021-08-10 16:07:05,210] {spark_submit_hook.py:479} INFO - 21/08/10 16:07:05 INFO Executor: Starting executor ID driver on host 172.27.122.8
[2021-08-10 16:07:05,236] {spark_submit_hook.py:479} INFO - 21/08/10 16:07:05 INFO Utils: Successfully started service 'org.apache.spark.network.netty.NettyBlockTransferService' on port 33783.
[2021-08-10 16:07:05,236] {spark_submit_hook.py:479} INFO - 21/08/10 16:07:05 INFO NettyBlockTransferService: Server created on 172.27.122.8:33783
[2021-08-10 16:07:05,238] {spark_submit_hook.py:479} INFO - 21/08/10 16:07:05 INFO BlockManager: Using org.apache.spark.storage.RandomBlockReplicationPolicy for block replication policy
[2021-08-10 16:07:05,246] {spark_submit_hook.py:479} INFO - 21/08/10 16:07:05 INFO BlockManagerMaster: Registering BlockManager BlockManagerId(driver, 172.27.122.8, 33783, None)
[2021-08-10 16:07:05,249] {spark_submit_hook.py:479} INFO - 21/08/10 16:07:05 INFO BlockManagerMasterEndpoint: Registering block manager 172.27.122.8:33783 with 366.3 MiB RAM, BlockManagerId(driver, 172.27.122.8, 33783, None)
[2021-08-10 16:07:05,252] {spark_submit_hook.py:479} INFO - 21/08/10 16:07:05 INFO BlockManagerMaster: Registered BlockManager BlockManagerId(driver, 172.27.122.8, 33783, None)
[2021-08-10 16:07:05,253] {spark_submit_hook.py:479} INFO - 21/08/10 16:07:05 INFO BlockManager: Initialized BlockManager: BlockManagerId(driver, 172.27.122.8, 33783, None)
[2021-08-10 16:07:05,834] {spark_submit_hook.py:479} INFO - 21/08/10 16:07:05 INFO SharedState: Setting hive.metastore.warehouse.dir ('null') to the value of spark.sql.warehouse.dir ('file:/home/ibernardes/datapipeline/spark-warehouse').
[2021-08-10 16:07:05,835] {spark_submit_hook.py:479} INFO - 21/08/10 16:07:05 INFO SharedState: Warehouse path is 'file:/home/ibernardes/datapipeline/spark-warehouse'.
[2021-08-10 16:07:06,884] {spark_submit_hook.py:479} INFO - 21/08/10 16:07:06 INFO InMemoryFileIndex: It took 37 ms to list leaf files for 1 paths.
[2021-08-10 16:07:06,952] {spark_submit_hook.py:479} INFO - 21/08/10 16:07:06 INFO InMemoryFileIndex: It took 1 ms to list leaf files for 1 paths.
[2021-08-10 16:07:09,220] {spark_submit_hook.py:479} INFO - 21/08/10 16:07:09 INFO FileSourceStrategy: Pushed Filters:
[2021-08-10 16:07:09,222] {spark_submit_hook.py:479} INFO - 21/08/10 16:07:09 INFO FileSourceStrategy: Post-Scan Filters:
[2021-08-10 16:07:09,226] {spark_submit_hook.py:479} INFO - 21/08/10 16:07:09 INFO FileSourceStrategy: Output Data Schema: struct<value: string>
[2021-08-10 16:07:09,561] {spark_submit_hook.py:479} INFO - 21/08/10 16:07:09 INFO MemoryStore: Block broadcast_0 stored as values in memory (estimated size 303.1 KiB, free 366.0 MiB)
[2021-08-10 16:07:09,632] {spark_submit_hook.py:479} INFO - 21/08/10 16:07:09 INFO MemoryStore: Block broadcast_0_piece0 stored as bytes in memory (estimated size 27.4 KiB, free 366.0 MiB)
[2021-08-10 16:07:09,635] {spark_submit_hook.py:479} INFO - 21/08/10 16:07:09 INFO BlockManagerInfo: Added broadcast_0_piece0 in memory on 172.27.122.8:33783 (size: 27.4 KiB, free: 366.3 MiB)
[2021-08-10 16:07:09,641] {spark_submit_hook.py:479} INFO - 21/08/10 16:07:09 INFO SparkContext: Created broadcast 0 from json at NativeMethodAccessorImpl.java:0
[2021-08-10 16:07:09,653] {spark_submit_hook.py:479} INFO - 21/08/10 16:07:09 INFO FileSourceScanExec: Planning scan with bin packing, max size: 4222285 bytes, open cost is considered as scanning 4194304 bytes.
[2021-08-10 16:07:09,836] {spark_submit_hook.py:479} INFO - 21/08/10 16:07:09 INFO SparkContext: Starting job: json at NativeMethodAccessorImpl.java:0
[2021-08-10 16:07:09,853] {spark_submit_hook.py:479} INFO - 21/08/10 16:07:09 INFO DAGScheduler: Got job 0 (json at NativeMethodAccessorImpl.java:0) with 1 output partitions
[2021-08-10 16:07:09,853] {spark_submit_hook.py:479} INFO - 21/08/10 16:07:09 INFO DAGScheduler: Final stage: ResultStage 0 (json at NativeMethodAccessorImpl.java:0)
[2021-08-10 16:07:09,854] {spark_submit_hook.py:479} INFO - 21/08/10 16:07:09 INFO DAGScheduler: Parents of final stage: List()
[2021-08-10 16:07:09,856] {spark_submit_hook.py:479} INFO - 21/08/10 16:07:09 INFO DAGScheduler: Missing parents: List()
[2021-08-10 16:07:09,862] {spark_submit_hook.py:479} INFO - 21/08/10 16:07:09 INFO DAGScheduler: Submitting ResultStage 0 (MapPartitionsRDD[3] at json at NativeMethodAccessorImpl.java:0), which has no missing parents
[2021-08-10 16:07:09,964] {spark_submit_hook.py:479} INFO - 21/08/10 16:07:09 INFO MemoryStore: Block broadcast_1 stored as values in memory (estimated size 12.1 KiB, free 366.0 MiB)
[2021-08-10 16:07:09,967] {spark_submit_hook.py:479} INFO - 21/08/10 16:07:09 INFO MemoryStore: Block broadcast_1_piece0 stored as bytes in memory (estimated size 6.3 KiB, free 366.0 MiB)
[2021-08-10 16:07:09,968] {spark_submit_hook.py:479} INFO - 21/08/10 16:07:09 INFO BlockManagerInfo: Added broadcast_1_piece0 in memory on 172.27.122.8:33783 (size: 6.3 KiB, free: 366.3 MiB)
[2021-08-10 16:07:09,968] {spark_submit_hook.py:479} INFO - 21/08/10 16:07:09 INFO SparkContext: Created broadcast 1 from broadcast at DAGScheduler.scala:1388
[2021-08-10 16:07:09,981] {spark_submit_hook.py:479} INFO - 21/08/10 16:07:09 INFO DAGScheduler: Submitting 1 missing tasks from ResultStage 0 (MapPartitionsRDD[3] at json at NativeMethodAccessorImpl.java:0) (first 15 tasks are for partitions Vector(0))
[2021-08-10 16:07:09,982] {spark_submit_hook.py:479} INFO - 21/08/10 16:07:09 INFO TaskSchedulerImpl: Adding task set 0.0 with 1 tasks resource profile 0
[2021-08-10 16:07:10,034] {spark_submit_hook.py:479} INFO - 21/08/10 16:07:10 INFO TaskSetManager: Starting task 0.0 in stage 0.0 (TID 0) (172.27.122.8, executor driver, partition 0, PROCESS_LOCAL, 4947 bytes) taskResourceAssignments Map()
[2021-08-10 16:07:10,050] {spark_submit_hook.py:479} INFO - 21/08/10 16:07:10 INFO Executor: Running task 0.0 in stage 0.0 (TID 0)
[2021-08-10 16:07:10,372] {spark_submit_hook.py:479} INFO - 21/08/10 16:07:10 INFO FileScanRDD: Reading File path: file:///home/ibernardes/datapipeline/datalake/bronze/twitter_aluraonline/extract_date=2021-08-09/AluraOnline_20210809.json, range: 0-27981, partition values: [empty row]
[2021-08-10 16:07:10,683] {spark_submit_hook.py:479} INFO - 21/08/10 16:07:10 INFO CodeGenerator: Code generated in 194.4132 ms
[2021-08-10 16:07:10,753] {spark_submit_hook.py:479} INFO - 21/08/10 16:07:10 INFO Executor: Finished task 0.0 in stage 0.0 (TID 0). 2815 bytes result sent to driver
[2021-08-10 16:07:10,764] {spark_submit_hook.py:479} INFO - 21/08/10 16:07:10 INFO TaskSetManager: Finished task 0.0 in stage 0.0 (TID 0) in 738 ms on 172.27.122.8 (executor driver) (1/1)
[2021-08-10 16:07:10,766] {spark_submit_hook.py:479} INFO - 21/08/10 16:07:10 INFO TaskSchedulerImpl: Removed TaskSet 0.0, whose tasks have all completed, from pool
[2021-08-10 16:07:10,772] {spark_submit_hook.py:479} INFO - 21/08/10 16:07:10 INFO DAGScheduler: ResultStage 0 (json at NativeMethodAccessorImpl.java:0) finished in 0.891 s
[2021-08-10 16:07:10,888] {spark_submit_hook.py:479} INFO - 21/08/10 16:07:10 INFO DAGScheduler: Job 0 is finished. Cancelling potential speculative or zombie tasks for this job
[2021-08-10 16:07:10,889] {spark_submit_hook.py:479} INFO - 21/08/10 16:07:10 INFO TaskSchedulerImpl: Killing all running tasks in stage 0: Stage finished
[2021-08-10 16:07:10,893] {spark_submit_hook.py:479} INFO - 21/08/10 16:07:10 INFO DAGScheduler: Job 0 finished: json at NativeMethodAccessorImpl.java:0, took 1.056353 s
[2021-08-10 16:07:11,395] {spark_submit_hook.py:479} INFO - 21/08/10 16:07:11 INFO FileSourceStrategy: Pushed Filters: IsNotNull(data)
[2021-08-10 16:07:11,398] {spark_submit_hook.py:479} INFO - 21/08/10 16:07:11 INFO FileSourceStrategy: Post-Scan Filters: (size(data#7, true) > 0),isnotnull(data#7)
[2021-08-10 16:07:11,399] {spark_submit_hook.py:479} INFO - 21/08/10 16:07:11 INFO FileSourceStrategy: Output Data Schema: struct<data: array<struct<author_id:string,conversation_id:string,created_at:string,id:string,in_reply_to_user_id:string,public_metrics:struct<like_count:bigint,quote_count:bigint,reply_count:bigint,retweet_count:bigint>,text:string>>>
[2021-08-10 16:07:11,484] {spark_submit_hook.py:479} INFO - 21/08/10 16:07:11 INFO FileOutputCommitter: File Output Committer Algorithm version is 1
[2021-08-10 16:07:11,484] {spark_submit_hook.py:479} INFO - 21/08/10 16:07:11 INFO FileOutputCommitter: FileOutputCommitter skip cleanup _temporary folders under output directory:false, ignore cleanup failures: false
[2021-08-10 16:07:11,485] {spark_submit_hook.py:479} INFO - 21/08/10 16:07:11 INFO SQLHadoopMapReduceCommitProtocol: Using output committer class org.apache.hadoop.mapreduce.lib.output.FileOutputCommitter
[2021-08-10 16:07:11,592] {spark_submit_hook.py:479} INFO - 21/08/10 16:07:11 INFO CodeGenerator: Code generated in 36.8992 ms
[2021-08-10 16:07:11,652] {spark_submit_hook.py:479} INFO - 21/08/10 16:07:11 INFO CodeGenerator: Code generated in 36.4366 ms
[2021-08-10 16:07:11,660] {spark_submit_hook.py:479} INFO - 21/08/10 16:07:11 INFO MemoryStore: Block broadcast_2 stored as values in memory (estimated size 303.0 KiB, free 365.7 MiB)
[2021-08-10 16:07:11,670] {spark_submit_hook.py:479} INFO - 21/08/10 16:07:11 INFO MemoryStore: Block broadcast_2_piece0 stored as bytes in memory (estimated size 27.5 KiB, free 365.6 MiB)
[2021-08-10 16:07:11,671] {spark_submit_hook.py:479} INFO - 21/08/10 16:07:11 INFO BlockManagerInfo: Added broadcast_2_piece0 in memory on 172.27.122.8:33783 (size: 27.5 KiB, free: 366.2 MiB)
[2021-08-10 16:07:11,673] {spark_submit_hook.py:479} INFO - 21/08/10 16:07:11 INFO SparkContext: Created broadcast 2 from json at NativeMethodAccessorImpl.java:0
[2021-08-10 16:07:11,675] {spark_submit_hook.py:479} INFO - 21/08/10 16:07:11 INFO FileSourceScanExec: Planning scan with bin packing, max size: 4222285 bytes, open cost is considered as scanning 4194304 bytes.
[2021-08-10 16:07:11,778] {spark_submit_hook.py:479} INFO - 21/08/10 16:07:11 INFO SparkContext: Starting job: json at NativeMethodAccessorImpl.java:0
[2021-08-10 16:07:11,782] {spark_submit_hook.py:479} INFO - 21/08/10 16:07:11 INFO DAGScheduler: Got job 1 (json at NativeMethodAccessorImpl.java:0) with 1 output partitions
[2021-08-10 16:07:11,782] {spark_submit_hook.py:479} INFO - 21/08/10 16:07:11 INFO DAGScheduler: Final stage: ResultStage 1 (json at NativeMethodAccessorImpl.java:0)
[2021-08-10 16:07:11,782] {spark_submit_hook.py:479} INFO - 21/08/10 16:07:11 INFO DAGScheduler: Parents of final stage: List()
[2021-08-10 16:07:11,783] {spark_submit_hook.py:479} INFO - 21/08/10 16:07:11 INFO DAGScheduler: Missing parents: List()
[2021-08-10 16:07:11,785] {spark_submit_hook.py:479} INFO - 21/08/10 16:07:11 INFO DAGScheduler: Submitting ResultStage 1 (CoalescedRDD[13] at json at NativeMethodAccessorImpl.java:0), which has no missing parents
[2021-08-10 16:07:11,844] {spark_submit_hook.py:479} INFO - 21/08/10 16:07:11 INFO MemoryStore: Block broadcast_3 stored as values in memory (estimated size 188.8 KiB, free 365.5 MiB)
[2021-08-10 16:07:11,852] {spark_submit_hook.py:479} INFO - 21/08/10 16:07:11 INFO MemoryStore: Block broadcast_3_piece0 stored as bytes in memory (estimated size 66.3 KiB, free 365.4 MiB)
[2021-08-10 16:07:11,854] {spark_submit_hook.py:479} INFO - 21/08/10 16:07:11 INFO BlockManagerInfo: Added broadcast_3_piece0 in memory on 172.27.122.8:33783 (size: 66.3 KiB, free: 366.2 MiB)
[2021-08-10 16:07:11,855] {spark_submit_hook.py:479} INFO - 21/08/10 16:07:11 INFO SparkContext: Created broadcast 3 from broadcast at DAGScheduler.scala:1388
[2021-08-10 16:07:11,856] {spark_submit_hook.py:479} INFO - 21/08/10 16:07:11 INFO DAGScheduler: Submitting 1 missing tasks from ResultStage 1 (CoalescedRDD[13] at json at NativeMethodAccessorImpl.java:0) (first 15 tasks are for partitions Vector(0))
[2021-08-10 16:07:11,856] {spark_submit_hook.py:479} INFO - 21/08/10 16:07:11 INFO TaskSchedulerImpl: Adding task set 1.0 with 1 tasks resource profile 0
[2021-08-10 16:07:11,861] {spark_submit_hook.py:479} INFO - 21/08/10 16:07:11 INFO TaskSetManager: Starting task 0.0 in stage 1.0 (TID 1) (172.27.122.8, executor driver, partition 0, PROCESS_LOCAL, 5176 bytes) taskResourceAssignments Map()
[2021-08-10 16:07:11,864] {spark_submit_hook.py:479} INFO - 21/08/10 16:07:11 INFO Executor: Running task 0.0 in stage 1.0 (TID 1)
[2021-08-10 16:07:11,934] {spark_submit_hook.py:479} INFO - 21/08/10 16:07:11 INFO FileOutputCommitter: File Output Committer Algorithm version is 1
[2021-08-10 16:07:11,934] {spark_submit_hook.py:479} INFO - 21/08/10 16:07:11 INFO FileOutputCommitter: FileOutputCommitter skip cleanup _temporary folders under output directory:false, ignore cleanup failures: false
[2021-08-10 16:07:11,935] {spark_submit_hook.py:479} INFO - 21/08/10 16:07:11 INFO SQLHadoopMapReduceCommitProtocol: Using output committer class org.apache.hadoop.mapreduce.lib.output.FileOutputCommitter
[2021-08-10 16:07:12,016] {spark_submit_hook.py:479} INFO - 21/08/10 16:07:12 INFO CodeGenerator: Code generated in 29.5287 ms
[2021-08-10 16:07:12,023] {spark_submit_hook.py:479} INFO - 21/08/10 16:07:12 INFO FileScanRDD: Reading File path: file:///home/ibernardes/datapipeline/datalake/bronze/twitter_aluraonline/extract_date=2021-08-09/AluraOnline_20210809.json, range: 0-27981, partition values: [empty row]
[2021-08-10 16:07:12,060] {spark_submit_hook.py:479} INFO - 21/08/10 16:07:12 INFO CodeGenerator: Code generated in 32.5987 ms
[2021-08-10 16:07:12,111] {spark_submit_hook.py:479} INFO - 21/08/10 16:07:12 INFO CodeGenerator: Code generated in 9.3555 ms
[2021-08-10 16:07:12,214] {spark_submit_hook.py:479} INFO - 21/08/10 16:07:12 INFO FileOutputCommitter: Saved output of task 'attempt_202108101607113749517014696455469_0001_m_000000_1' to file:/home/ibernardes/datapipeline/datalake/silver/twitter_aluraonline/tweet/process_date=2021-08-09/_temporary/0/task_202108101607113749517014696455469_0001_m_000000
[2021-08-10 16:07:12,216] {spark_submit_hook.py:479} INFO - 21/08/10 16:07:12 INFO SparkHadoopMapRedUtil: attempt_202108101607113749517014696455469_0001_m_000000_1: Committed
[2021-08-10 16:07:12,229] {spark_submit_hook.py:479} INFO - 21/08/10 16:07:12 INFO Executor: Finished task 0.0 in stage 1.0 (TID 1). 2901 bytes result sent to driver
[2021-08-10 16:07:12,232] {spark_submit_hook.py:479} INFO - 21/08/10 16:07:12 INFO TaskSetManager: Finished task 0.0 in stage 1.0 (TID 1) in 374 ms on 172.27.122.8 (executor driver) (1/1)
[2021-08-10 16:07:12,233] {spark_submit_hook.py:479} INFO - 21/08/10 16:07:12 INFO TaskSchedulerImpl: Removed TaskSet 1.0, whose tasks have all completed, from pool
[2021-08-10 16:07:12,234] {spark_submit_hook.py:479} INFO - 21/08/10 16:07:12 INFO DAGScheduler: ResultStage 1 (json at NativeMethodAccessorImpl.java:0) finished in 0.446 s
[2021-08-10 16:07:12,235] {spark_submit_hook.py:479} INFO - 21/08/10 16:07:12 INFO DAGScheduler: Job 1 is finished. Cancelling potential speculative or zombie tasks for this job
[2021-08-10 16:07:12,235] {spark_submit_hook.py:479} INFO - 21/08/10 16:07:12 INFO TaskSchedulerImpl: Killing all running tasks in stage 1: Stage finished
[2021-08-10 16:07:12,236] {spark_submit_hook.py:479} INFO - 21/08/10 16:07:12 INFO DAGScheduler: Job 1 finished: json at NativeMethodAccessorImpl.java:0, took 0.457760 s
[2021-08-10 16:07:12,262] {spark_submit_hook.py:479} INFO - 21/08/10 16:07:12 INFO FileFormatWriter: Write Job e4f83292-f448-4ea5-b47d-2d67f451018e committed.
[2021-08-10 16:07:12,273] {spark_submit_hook.py:479} INFO - 21/08/10 16:07:12 INFO FileFormatWriter: Finished processing stats for write job e4f83292-f448-4ea5-b47d-2d67f451018e.
[2021-08-10 16:07:12,377] {spark_submit_hook.py:479} INFO - 21/08/10 16:07:12 INFO FileSourceStrategy: Pushed Filters: IsNotNull(includes)
[2021-08-10 16:07:12,378] {spark_submit_hook.py:479} INFO - 21/08/10 16:07:12 INFO FileSourceStrategy: Post-Scan Filters: isnotnull(includes#8),(size(includes#8.users, true) > 0),isnotnull(includes#8.users)
[2021-08-10 16:07:12,379] {spark_submit_hook.py:479} INFO - 21/08/10 16:07:12 INFO FileSourceStrategy: Output Data Schema: struct<includes: struct<users: array<struct<created_at:string,id:string,name:string,username:string>>>>
[2021-08-10 16:07:12,400] {spark_submit_hook.py:479} INFO - 21/08/10 16:07:12 INFO FileOutputCommitter: File Output Committer Algorithm version is 1
[2021-08-10 16:07:12,400] {spark_submit_hook.py:479} INFO - 21/08/10 16:07:12 INFO FileOutputCommitter: FileOutputCommitter skip cleanup _temporary folders under output directory:false, ignore cleanup failures: false
[2021-08-10 16:07:12,401] {spark_submit_hook.py:479} INFO - 21/08/10 16:07:12 INFO SQLHadoopMapReduceCommitProtocol: Using output committer class org.apache.hadoop.mapreduce.lib.output.FileOutputCommitter
[2021-08-10 16:07:12,449] {spark_submit_hook.py:479} INFO - 21/08/10 16:07:12 INFO CodeGenerator: Code generated in 20.4305 ms
[2021-08-10 16:07:12,488] {spark_submit_hook.py:479} INFO - 21/08/10 16:07:12 INFO CodeGenerator: Code generated in 26.3042 ms
[2021-08-10 16:07:12,493] {spark_submit_hook.py:479} INFO - 21/08/10 16:07:12 INFO MemoryStore: Block broadcast_4 stored as values in memory (estimated size 303.0 KiB, free 365.1 MiB)
[2021-08-10 16:07:12,508] {spark_submit_hook.py:479} INFO - 21/08/10 16:07:12 INFO MemoryStore: Block broadcast_4_piece0 stored as bytes in memory (estimated size 27.5 KiB, free 365.1 MiB)
[2021-08-10 16:07:12,509] {spark_submit_hook.py:479} INFO - 21/08/10 16:07:12 INFO BlockManagerInfo: Added broadcast_4_piece0 in memory on 172.27.122.8:33783 (size: 27.5 KiB, free: 366.1 MiB)
[2021-08-10 16:07:12,510] {spark_submit_hook.py:479} INFO - 21/08/10 16:07:12 INFO SparkContext: Created broadcast 4 from json at NativeMethodAccessorImpl.java:0
[2021-08-10 16:07:12,512] {spark_submit_hook.py:479} INFO - 21/08/10 16:07:12 INFO FileSourceScanExec: Planning scan with bin packing, max size: 4222285 bytes, open cost is considered as scanning 4194304 bytes.
[2021-08-10 16:07:12,569] {spark_submit_hook.py:479} INFO - 21/08/10 16:07:12 INFO SparkContext: Starting job: json at NativeMethodAccessorImpl.java:0
[2021-08-10 16:07:12,571] {spark_submit_hook.py:479} INFO - 21/08/10 16:07:12 INFO DAGScheduler: Got job 2 (json at NativeMethodAccessorImpl.java:0) with 1 output partitions
[2021-08-10 16:07:12,571] {spark_submit_hook.py:479} INFO - 21/08/10 16:07:12 INFO DAGScheduler: Final stage: ResultStage 2 (json at NativeMethodAccessorImpl.java:0)
[2021-08-10 16:07:12,571] {spark_submit_hook.py:479} INFO - 21/08/10 16:07:12 INFO DAGScheduler: Parents of final stage: List()
[2021-08-10 16:07:12,571] {spark_submit_hook.py:479} INFO - 21/08/10 16:07:12 INFO DAGScheduler: Missing parents: List()
[2021-08-10 16:07:12,573] {spark_submit_hook.py:479} INFO - 21/08/10 16:07:12 INFO DAGScheduler: Submitting ResultStage 2 (CoalescedRDD[25] at json at NativeMethodAccessorImpl.java:0), which has no missing parents
[2021-08-10 16:07:12,600] {spark_submit_hook.py:479} INFO - 21/08/10 16:07:12 INFO MemoryStore: Block broadcast_5 stored as values in memory (estimated size 185.2 KiB, free 364.9 MiB)
[2021-08-10 16:07:12,605] {spark_submit_hook.py:479} INFO - 21/08/10 16:07:12 INFO MemoryStore: Block broadcast_5_piece0 stored as bytes in memory (estimated size 65.8 KiB, free 364.8 MiB)
[2021-08-10 16:07:12,607] {spark_submit_hook.py:479} INFO - 21/08/10 16:07:12 INFO BlockManagerInfo: Added broadcast_5_piece0 in memory on 172.27.122.8:33783 (size: 65.8 KiB, free: 366.1 MiB)
[2021-08-10 16:07:12,608] {spark_submit_hook.py:479} INFO - 21/08/10 16:07:12 INFO SparkContext: Created broadcast 5 from broadcast at DAGScheduler.scala:1388
[2021-08-10 16:07:12,609] {spark_submit_hook.py:479} INFO - 21/08/10 16:07:12 INFO DAGScheduler: Submitting 1 missing tasks from ResultStage 2 (CoalescedRDD[25] at json at NativeMethodAccessorImpl.java:0) (first 15 tasks are for partitions Vector(0))
[2021-08-10 16:07:12,609] {spark_submit_hook.py:479} INFO - 21/08/10 16:07:12 INFO TaskSchedulerImpl: Adding task set 2.0 with 1 tasks resource profile 0
[2021-08-10 16:07:12,612] {spark_submit_hook.py:479} INFO - 21/08/10 16:07:12 INFO TaskSetManager: Starting task 0.0 in stage 2.0 (TID 2) (172.27.122.8, executor driver, partition 0, PROCESS_LOCAL, 5176 bytes) taskResourceAssignments Map()
[2021-08-10 16:07:12,613] {spark_submit_hook.py:479} INFO - 21/08/10 16:07:12 INFO Executor: Running task 0.0 in stage 2.0 (TID 2)
[2021-08-10 16:07:12,642] {spark_submit_hook.py:479} INFO - 21/08/10 16:07:12 INFO FileOutputCommitter: File Output Committer Algorithm version is 1
[2021-08-10 16:07:12,642] {spark_submit_hook.py:479} INFO - 21/08/10 16:07:12 INFO FileOutputCommitter: FileOutputCommitter skip cleanup _temporary folders under output directory:false, ignore cleanup failures: false
[2021-08-10 16:07:12,642] {spark_submit_hook.py:479} INFO - 21/08/10 16:07:12 INFO SQLHadoopMapReduceCommitProtocol: Using output committer class org.apache.hadoop.mapreduce.lib.output.FileOutputCommitter
[2021-08-10 16:07:12,697] {spark_submit_hook.py:479} INFO - 21/08/10 16:07:12 INFO CodeGenerator: Code generated in 12.414 ms
[2021-08-10 16:07:12,701] {spark_submit_hook.py:479} INFO - 21/08/10 16:07:12 INFO FileScanRDD: Reading File path: file:///home/ibernardes/datapipeline/datalake/bronze/twitter_aluraonline/extract_date=2021-08-09/AluraOnline_20210809.json, range: 0-27981, partition values: [empty row]
[2021-08-10 16:07:12,728] {spark_submit_hook.py:479} INFO - 21/08/10 16:07:12 INFO CodeGenerator: Code generated in 22.672 ms
[2021-08-10 16:07:12,740] {spark_submit_hook.py:479} INFO - 21/08/10 16:07:12 INFO CodeGenerator: Code generated in 7.6586 ms
[2021-08-10 16:07:12,768] {spark_submit_hook.py:479} INFO - 21/08/10 16:07:12 INFO FileOutputCommitter: Saved output of task 'attempt_202108101607124288694990825008568_0002_m_000000_2' to file:/home/ibernardes/datapipeline/datalake/silver/twitter_aluraonline/user/process_date=2021-08-09/_temporary/0/task_202108101607124288694990825008568_0002_m_000000
[2021-08-10 16:07:12,768] {spark_submit_hook.py:479} INFO - 21/08/10 16:07:12 INFO SparkHadoopMapRedUtil: attempt_202108101607124288694990825008568_0002_m_000000_2: Committed
[2021-08-10 16:07:12,770] {spark_submit_hook.py:479} INFO - 21/08/10 16:07:12 INFO Executor: Finished task 0.0 in stage 2.0 (TID 2). 2858 bytes result sent to driver
[2021-08-10 16:07:12,773] {spark_submit_hook.py:479} INFO - 21/08/10 16:07:12 INFO TaskSetManager: Finished task 0.0 in stage 2.0 (TID 2) in 161 ms on 172.27.122.8 (executor driver) (1/1)
[2021-08-10 16:07:12,773] {spark_submit_hook.py:479} INFO - 21/08/10 16:07:12 INFO TaskSchedulerImpl: Removed TaskSet 2.0, whose tasks have all completed, from pool
[2021-08-10 16:07:12,775] {spark_submit_hook.py:479} INFO - 21/08/10 16:07:12 INFO DAGScheduler: ResultStage 2 (json at NativeMethodAccessorImpl.java:0) finished in 0.200 s
[2021-08-10 16:07:12,775] {spark_submit_hook.py:479} INFO - 21/08/10 16:07:12 INFO DAGScheduler: Job 2 is finished. Cancelling potential speculative or zombie tasks for this job
[2021-08-10 16:07:12,775] {spark_submit_hook.py:479} INFO - 21/08/10 16:07:12 INFO TaskSchedulerImpl: Killing all running tasks in stage 2: Stage finished
[2021-08-10 16:07:12,777] {spark_submit_hook.py:479} INFO - 21/08/10 16:07:12 INFO DAGScheduler: Job 2 finished: json at NativeMethodAccessorImpl.java:0, took 0.207456 s
[2021-08-10 16:07:12,802] {spark_submit_hook.py:479} INFO - 21/08/10 16:07:12 INFO FileFormatWriter: Write Job 1a0b0d43-2645-4e29-b39b-fb9386320061 committed.
[2021-08-10 16:07:12,802] {spark_submit_hook.py:479} INFO - 21/08/10 16:07:12 INFO FileFormatWriter: Finished processing stats for write job 1a0b0d43-2645-4e29-b39b-fb9386320061.
[2021-08-10 16:07:12,853] {spark_submit_hook.py:479} INFO - 21/08/10 16:07:12 INFO SparkUI: Stopped Spark web UI at http://172.27.122.8:4040
[2021-08-10 16:07:12,869] {spark_submit_hook.py:479} INFO - 21/08/10 16:07:12 INFO MapOutputTrackerMasterEndpoint: MapOutputTrackerMasterEndpoint stopped!
[2021-08-10 16:07:12,878] {spark_submit_hook.py:479} INFO - 21/08/10 16:07:12 INFO MemoryStore: MemoryStore cleared
[2021-08-10 16:07:12,878] {spark_submit_hook.py:479} INFO - 21/08/10 16:07:12 INFO BlockManager: BlockManager stopped
[2021-08-10 16:07:12,889] {spark_submit_hook.py:479} INFO - 21/08/10 16:07:12 INFO BlockManagerMaster: BlockManagerMaster stopped
[2021-08-10 16:07:12,892] {spark_submit_hook.py:479} INFO - 21/08/10 16:07:12 INFO OutputCommitCoordinator$OutputCommitCoordinatorEndpoint: OutputCommitCoordinator stopped!
[2021-08-10 16:07:12,899] {spark_submit_hook.py:479} INFO - 21/08/10 16:07:12 INFO SparkContext: Successfully stopped SparkContext
[2021-08-10 16:07:12,903] {spark_submit_hook.py:479} INFO - 21/08/10 16:07:12 INFO ShutdownHookManager: Shutdown hook called
[2021-08-10 16:07:12,905] {spark_submit_hook.py:479} INFO - 21/08/10 16:07:12 INFO ShutdownHookManager: Deleting directory /tmp/spark-d54b2c2e-807a-4909-b08a-b9ec32099e51
[2021-08-10 16:07:12,908] {spark_submit_hook.py:479} INFO - 21/08/10 16:07:12 INFO ShutdownHookManager: Deleting directory /tmp/spark-07d38897-0278-4942-84f6-d2dbe7440255
[2021-08-10 16:07:12,914] {spark_submit_hook.py:479} INFO - 21/08/10 16:07:12 INFO ShutdownHookManager: Deleting directory /tmp/spark-d54b2c2e-807a-4909-b08a-b9ec32099e51/pyspark-0b5691fc-005d-4e55-9c2c-0eba380d3d42
[2021-08-10 16:07:12,966] {taskinstance.py:1070} INFO - Marking task as SUCCESS.dag_id=twitter_dag, task_id=transform_twitter_aluraonline, execution_date=20210809T090000, start_date=20210810T190700, end_date=20210810T190712
[2021-08-10 16:07:15,914] {local_task_job.py:102} INFO - Task exited with return code 0
