[2021-08-10 15:48:56,212] {taskinstance.py:670} INFO - Dependencies all met for <TaskInstance: twitter_dag.transform_twitter_aluraonline 2021-08-05T09:00:00+00:00 [queued]>
[2021-08-10 15:48:56,221] {taskinstance.py:670} INFO - Dependencies all met for <TaskInstance: twitter_dag.transform_twitter_aluraonline 2021-08-05T09:00:00+00:00 [queued]>
[2021-08-10 15:48:56,221] {taskinstance.py:880} INFO - 
--------------------------------------------------------------------------------
[2021-08-10 15:48:56,222] {taskinstance.py:881} INFO - Starting attempt 1 of 1
[2021-08-10 15:48:56,222] {taskinstance.py:882} INFO - 
--------------------------------------------------------------------------------
[2021-08-10 15:48:56,238] {taskinstance.py:901} INFO - Executing <Task(SparkSubmitOperator): transform_twitter_aluraonline> on 2021-08-05T09:00:00+00:00
[2021-08-10 15:48:56,241] {standard_task_runner.py:54} INFO - Started process 14046 to run task
[2021-08-10 15:48:56,340] {standard_task_runner.py:77} INFO - Running: ['airflow', 'run', 'twitter_dag', 'transform_twitter_aluraonline', '2021-08-05T09:00:00+00:00', '--job_id', '19', '--pool', 'default_pool', '--raw', '-sd', 'DAGS_FOLDER/twitter_dag.py', '--cfg_path', '/tmp/tmp4gyuh26n']
[2021-08-10 15:48:56,340] {standard_task_runner.py:78} INFO - Job 19: Subtask transform_twitter_aluraonline
[2021-08-10 15:48:56,380] {logging_mixin.py:112} INFO - Running <TaskInstance: twitter_dag.transform_twitter_aluraonline 2021-08-05T09:00:00+00:00 [running]> on host SAFIRA-097.safira.local
[2021-08-10 15:48:56,425] {base_hook.py:89} INFO - Using connection to: id: spark_default. Host: local, Port: None, Schema: , Login: , Password: None, extra: XXXXXXXX
[2021-08-10 15:48:56,427] {spark_submit_hook.py:325} INFO - Spark-Submit cmd: /home/ibernardes/datapipeline/spark-3.1.2-bin-hadoop3.2/bin/spark-submit --master local --name twitter_transformation /home/ibernardes/datapipeline/spark/transformation.py --src /home/ibernardes/datapipeline/datalake/bronze/twitter_aluraonline/extract_date=2021-08-05 --dest /home/ibernardes/datapipeline/datalake/silver/twitter_aluraonline/ --process-date 2021-08-05
[2021-08-10 15:48:57,916] {spark_submit_hook.py:479} INFO - 21/08/10 15:48:57 WARN Utils: Your hostname, SAFIRA-097 resolves to a loopback address: 127.0.1.1; using 172.27.122.8 instead (on interface eth0)
[2021-08-10 15:48:57,917] {spark_submit_hook.py:479} INFO - 21/08/10 15:48:57 WARN Utils: Set SPARK_LOCAL_IP if you need to bind to another address
[2021-08-10 15:48:59,364] {spark_submit_hook.py:479} INFO - 21/08/10 15:48:59 WARN NativeCodeLoader: Unable to load native-hadoop library for your platform... using builtin-java classes where applicable
[2021-08-10 15:49:00,090] {spark_submit_hook.py:479} INFO - 21/08/10 15:49:00 INFO SparkContext: Running Spark version 3.1.2
[2021-08-10 15:49:00,145] {spark_submit_hook.py:479} INFO - 21/08/10 15:49:00 INFO ResourceUtils: ==============================================================
[2021-08-10 15:49:00,146] {spark_submit_hook.py:479} INFO - 21/08/10 15:49:00 INFO ResourceUtils: No custom resources configured for spark.driver.
[2021-08-10 15:49:00,147] {spark_submit_hook.py:479} INFO - 21/08/10 15:49:00 INFO ResourceUtils: ==============================================================
[2021-08-10 15:49:00,148] {spark_submit_hook.py:479} INFO - 21/08/10 15:49:00 INFO SparkContext: Submitted application: twitter_transformation
[2021-08-10 15:49:00,182] {spark_submit_hook.py:479} INFO - 21/08/10 15:49:00 INFO ResourceProfile: Default ResourceProfile created, executor resources: Map(cores -> name: cores, amount: 1, script: , vendor: , memory -> name: memory, amount: 1024, script: , vendor: , offHeap -> name: offHeap, amount: 0, script: , vendor: ), task resources: Map(cpus -> name: cpus, amount: 1.0)
[2021-08-10 15:49:00,199] {spark_submit_hook.py:479} INFO - 21/08/10 15:49:00 INFO ResourceProfile: Limiting resource is cpu
[2021-08-10 15:49:00,200] {spark_submit_hook.py:479} INFO - 21/08/10 15:49:00 INFO ResourceProfileManager: Added ResourceProfile id: 0
[2021-08-10 15:49:00,255] {spark_submit_hook.py:479} INFO - 21/08/10 15:49:00 INFO SecurityManager: Changing view acls to: ibernardes
[2021-08-10 15:49:00,255] {spark_submit_hook.py:479} INFO - 21/08/10 15:49:00 INFO SecurityManager: Changing modify acls to: ibernardes
[2021-08-10 15:49:00,256] {spark_submit_hook.py:479} INFO - 21/08/10 15:49:00 INFO SecurityManager: Changing view acls groups to:
[2021-08-10 15:49:00,257] {spark_submit_hook.py:479} INFO - 21/08/10 15:49:00 INFO SecurityManager: Changing modify acls groups to:
[2021-08-10 15:49:00,257] {spark_submit_hook.py:479} INFO - 21/08/10 15:49:00 INFO SecurityManager: SecurityManager: authentication disabled; ui acls disabled; users  with view permissions: Set(ibernardes); groups with view permissions: Set(); users  with modify permissions: Set(ibernardes); groups with modify permissions: Set()
[2021-08-10 15:49:00,450] {spark_submit_hook.py:479} INFO - 21/08/10 15:49:00 INFO Utils: Successfully started service 'sparkDriver' on port 33033.
[2021-08-10 15:49:00,479] {spark_submit_hook.py:479} INFO - 21/08/10 15:49:00 INFO SparkEnv: Registering MapOutputTracker
[2021-08-10 15:49:00,514] {spark_submit_hook.py:479} INFO - 21/08/10 15:49:00 INFO SparkEnv: Registering BlockManagerMaster
[2021-08-10 15:49:00,535] {spark_submit_hook.py:479} INFO - 21/08/10 15:49:00 INFO BlockManagerMasterEndpoint: Using org.apache.spark.storage.DefaultTopologyMapper for getting topology information
[2021-08-10 15:49:00,536] {spark_submit_hook.py:479} INFO - 21/08/10 15:49:00 INFO BlockManagerMasterEndpoint: BlockManagerMasterEndpoint up
[2021-08-10 15:49:00,539] {spark_submit_hook.py:479} INFO - 21/08/10 15:49:00 INFO SparkEnv: Registering BlockManagerMasterHeartbeat
[2021-08-10 15:49:00,553] {spark_submit_hook.py:479} INFO - 21/08/10 15:49:00 INFO DiskBlockManager: Created local directory at /tmp/blockmgr-c67f3422-e902-49a7-977f-881cfb571857
[2021-08-10 15:49:00,579] {spark_submit_hook.py:479} INFO - 21/08/10 15:49:00 INFO MemoryStore: MemoryStore started with capacity 366.3 MiB
[2021-08-10 15:49:00,602] {spark_submit_hook.py:479} INFO - 21/08/10 15:49:00 INFO SparkEnv: Registering OutputCommitCoordinator
[2021-08-10 15:49:00,836] {spark_submit_hook.py:479} INFO - 21/08/10 15:49:00 INFO Utils: Successfully started service 'SparkUI' on port 4040.
[2021-08-10 15:49:00,899] {spark_submit_hook.py:479} INFO - 21/08/10 15:49:00 INFO SparkUI: Bound SparkUI to 0.0.0.0, and started at http://172.27.122.8:4040
[2021-08-10 15:49:01,155] {spark_submit_hook.py:479} INFO - 21/08/10 15:49:01 INFO Executor: Starting executor ID driver on host 172.27.122.8
[2021-08-10 15:49:01,185] {spark_submit_hook.py:479} INFO - 21/08/10 15:49:01 INFO Utils: Successfully started service 'org.apache.spark.network.netty.NettyBlockTransferService' on port 39021.
[2021-08-10 15:49:01,185] {spark_submit_hook.py:479} INFO - 21/08/10 15:49:01 INFO NettyBlockTransferService: Server created on 172.27.122.8:39021
[2021-08-10 15:49:01,187] {spark_submit_hook.py:479} INFO - 21/08/10 15:49:01 INFO BlockManager: Using org.apache.spark.storage.RandomBlockReplicationPolicy for block replication policy
[2021-08-10 15:49:01,195] {spark_submit_hook.py:479} INFO - 21/08/10 15:49:01 INFO BlockManagerMaster: Registering BlockManager BlockManagerId(driver, 172.27.122.8, 39021, None)
[2021-08-10 15:49:01,199] {spark_submit_hook.py:479} INFO - 21/08/10 15:49:01 INFO BlockManagerMasterEndpoint: Registering block manager 172.27.122.8:39021 with 366.3 MiB RAM, BlockManagerId(driver, 172.27.122.8, 39021, None)
[2021-08-10 15:49:01,202] {spark_submit_hook.py:479} INFO - 21/08/10 15:49:01 INFO BlockManagerMaster: Registered BlockManager BlockManagerId(driver, 172.27.122.8, 39021, None)
[2021-08-10 15:49:01,203] {spark_submit_hook.py:479} INFO - 21/08/10 15:49:01 INFO BlockManager: Initialized BlockManager: BlockManagerId(driver, 172.27.122.8, 39021, None)
[2021-08-10 15:49:01,816] {spark_submit_hook.py:479} INFO - 21/08/10 15:49:01 INFO SharedState: Setting hive.metastore.warehouse.dir ('null') to the value of spark.sql.warehouse.dir ('file:/home/ibernardes/datapipeline/spark-warehouse').
[2021-08-10 15:49:01,817] {spark_submit_hook.py:479} INFO - 21/08/10 15:49:01 INFO SharedState: Warehouse path is 'file:/home/ibernardes/datapipeline/spark-warehouse'.
[2021-08-10 15:49:03,218] {spark_submit_hook.py:479} INFO - 21/08/10 15:49:03 INFO InMemoryFileIndex: It took 60 ms to list leaf files for 1 paths.
[2021-08-10 15:49:03,305] {spark_submit_hook.py:479} INFO - 21/08/10 15:49:03 INFO InMemoryFileIndex: It took 2 ms to list leaf files for 1 paths.
[2021-08-10 15:49:06,591] {spark_submit_hook.py:479} INFO - 21/08/10 15:49:06 INFO FileSourceStrategy: Pushed Filters:
[2021-08-10 15:49:06,593] {spark_submit_hook.py:479} INFO - 21/08/10 15:49:06 INFO FileSourceStrategy: Post-Scan Filters:
[2021-08-10 15:49:06,599] {spark_submit_hook.py:479} INFO - 21/08/10 15:49:06 INFO FileSourceStrategy: Output Data Schema: struct<value: string>
[2021-08-10 15:49:07,231] {spark_submit_hook.py:479} INFO - 21/08/10 15:49:07 INFO MemoryStore: Block broadcast_0 stored as values in memory (estimated size 303.1 KiB, free 366.0 MiB)
[2021-08-10 15:49:07,525] {spark_submit_hook.py:479} INFO - 21/08/10 15:49:07 INFO MemoryStore: Block broadcast_0_piece0 stored as bytes in memory (estimated size 27.4 KiB, free 366.0 MiB)
[2021-08-10 15:49:07,533] {spark_submit_hook.py:479} INFO - 21/08/10 15:49:07 INFO BlockManagerInfo: Added broadcast_0_piece0 in memory on 172.27.122.8:39021 (size: 27.4 KiB, free: 366.3 MiB)
[2021-08-10 15:49:07,549] {spark_submit_hook.py:479} INFO - 21/08/10 15:49:07 INFO SparkContext: Created broadcast 0 from json at NativeMethodAccessorImpl.java:0
[2021-08-10 15:49:07,574] {spark_submit_hook.py:479} INFO - 21/08/10 15:49:07 INFO FileSourceScanExec: Planning scan with bin packing, max size: 4202198 bytes, open cost is considered as scanning 4194304 bytes.
[2021-08-10 15:49:07,979] {spark_submit_hook.py:479} INFO - 21/08/10 15:49:07 INFO SparkContext: Starting job: json at NativeMethodAccessorImpl.java:0
[2021-08-10 15:49:08,017] {spark_submit_hook.py:479} INFO - 21/08/10 15:49:08 INFO DAGScheduler: Got job 0 (json at NativeMethodAccessorImpl.java:0) with 1 output partitions
[2021-08-10 15:49:08,018] {spark_submit_hook.py:479} INFO - 21/08/10 15:49:08 INFO DAGScheduler: Final stage: ResultStage 0 (json at NativeMethodAccessorImpl.java:0)
[2021-08-10 15:49:08,020] {spark_submit_hook.py:479} INFO - 21/08/10 15:49:08 INFO DAGScheduler: Parents of final stage: List()
[2021-08-10 15:49:08,025] {spark_submit_hook.py:479} INFO - 21/08/10 15:49:08 INFO DAGScheduler: Missing parents: List()
[2021-08-10 15:49:08,042] {spark_submit_hook.py:479} INFO - 21/08/10 15:49:08 INFO DAGScheduler: Submitting ResultStage 0 (MapPartitionsRDD[3] at json at NativeMethodAccessorImpl.java:0), which has no missing parents
[2021-08-10 15:49:08,291] {spark_submit_hook.py:479} INFO - 21/08/10 15:49:08 INFO MemoryStore: Block broadcast_1 stored as values in memory (estimated size 12.1 KiB, free 366.0 MiB)
[2021-08-10 15:49:08,304] {spark_submit_hook.py:479} INFO - 21/08/10 15:49:08 INFO MemoryStore: Block broadcast_1_piece0 stored as bytes in memory (estimated size 6.3 KiB, free 366.0 MiB)
[2021-08-10 15:49:08,309] {spark_submit_hook.py:479} INFO - 21/08/10 15:49:08 INFO BlockManagerInfo: Added broadcast_1_piece0 in memory on 172.27.122.8:39021 (size: 6.3 KiB, free: 366.3 MiB)
[2021-08-10 15:49:08,311] {spark_submit_hook.py:479} INFO - 21/08/10 15:49:08 INFO SparkContext: Created broadcast 1 from broadcast at DAGScheduler.scala:1388
[2021-08-10 15:49:08,360] {spark_submit_hook.py:479} INFO - 21/08/10 15:49:08 INFO DAGScheduler: Submitting 1 missing tasks from ResultStage 0 (MapPartitionsRDD[3] at json at NativeMethodAccessorImpl.java:0) (first 15 tasks are for partitions Vector(0))
[2021-08-10 15:49:08,362] {spark_submit_hook.py:479} INFO - 21/08/10 15:49:08 INFO TaskSchedulerImpl: Adding task set 0.0 with 1 tasks resource profile 0
[2021-08-10 15:49:08,460] {spark_submit_hook.py:479} INFO - 21/08/10 15:49:08 INFO TaskSetManager: Starting task 0.0 in stage 0.0 (TID 0) (172.27.122.8, executor driver, partition 0, PROCESS_LOCAL, 4947 bytes) taskResourceAssignments Map()
[2021-08-10 15:49:08,489] {spark_submit_hook.py:479} INFO - 21/08/10 15:49:08 INFO Executor: Running task 0.0 in stage 0.0 (TID 0)
[2021-08-10 15:49:08,923] {spark_submit_hook.py:479} INFO - 21/08/10 15:49:08 INFO FileScanRDD: Reading File path: file:///home/ibernardes/datapipeline/datalake/bronze/twitter_aluraonline/extract_date=2021-08-05/AluraOnline_20210805.json, range: 0-7894, partition values: [empty row]
[2021-08-10 15:49:09,322] {spark_submit_hook.py:479} INFO - 21/08/10 15:49:09 INFO CodeGenerator: Code generated in 257.1256 ms
[2021-08-10 15:49:09,400] {spark_submit_hook.py:479} INFO - 21/08/10 15:49:09 INFO Executor: Finished task 0.0 in stage 0.0 (TID 0). 2858 bytes result sent to driver
[2021-08-10 15:49:09,414] {spark_submit_hook.py:479} INFO - 21/08/10 15:49:09 INFO TaskSetManager: Finished task 0.0 in stage 0.0 (TID 0) in 966 ms on 172.27.122.8 (executor driver) (1/1)
[2021-08-10 15:49:09,417] {spark_submit_hook.py:479} INFO - 21/08/10 15:49:09 INFO TaskSchedulerImpl: Removed TaskSet 0.0, whose tasks have all completed, from pool
[2021-08-10 15:49:09,424] {spark_submit_hook.py:479} INFO - 21/08/10 15:49:09 INFO DAGScheduler: ResultStage 0 (json at NativeMethodAccessorImpl.java:0) finished in 1.350 s
[2021-08-10 15:49:09,537] {spark_submit_hook.py:479} INFO - 21/08/10 15:49:09 INFO DAGScheduler: Job 0 is finished. Cancelling potential speculative or zombie tasks for this job
[2021-08-10 15:49:09,538] {spark_submit_hook.py:479} INFO - 21/08/10 15:49:09 INFO TaskSchedulerImpl: Killing all running tasks in stage 0: Stage finished
[2021-08-10 15:49:09,541] {spark_submit_hook.py:479} INFO - 21/08/10 15:49:09 INFO DAGScheduler: Job 0 finished: json at NativeMethodAccessorImpl.java:0, took 1.561530 s
[2021-08-10 15:49:10,443] {spark_submit_hook.py:479} INFO - 21/08/10 15:49:10 INFO FileSourceStrategy: Pushed Filters: IsNotNull(data)
[2021-08-10 15:49:10,446] {spark_submit_hook.py:479} INFO - 21/08/10 15:49:10 INFO FileSourceStrategy: Post-Scan Filters: (size(data#7, true) > 0),isnotnull(data#7)
[2021-08-10 15:49:10,448] {spark_submit_hook.py:479} INFO - 21/08/10 15:49:10 INFO FileSourceStrategy: Output Data Schema: struct<data: array<struct<author_id:string,conversation_id:string,created_at:string,id:string,in_reply_to_user_id:string,public_metrics:struct<like_count:bigint,quote_count:bigint,reply_count:bigint,retweet_count:bigint>,text:string>>>
[2021-08-10 15:49:10,587] {spark_submit_hook.py:479} INFO - 21/08/10 15:49:10 INFO FileOutputCommitter: File Output Committer Algorithm version is 1
[2021-08-10 15:49:10,588] {spark_submit_hook.py:479} INFO - 21/08/10 15:49:10 INFO FileOutputCommitter: FileOutputCommitter skip cleanup _temporary folders under output directory:false, ignore cleanup failures: false
[2021-08-10 15:49:10,589] {spark_submit_hook.py:479} INFO - 21/08/10 15:49:10 INFO SQLHadoopMapReduceCommitProtocol: Using output committer class org.apache.hadoop.mapreduce.lib.output.FileOutputCommitter
[2021-08-10 15:49:10,746] {spark_submit_hook.py:479} INFO - 21/08/10 15:49:10 INFO CodeGenerator: Code generated in 57.4632 ms
[2021-08-10 15:49:10,831] {spark_submit_hook.py:479} INFO - 21/08/10 15:49:10 INFO CodeGenerator: Code generated in 52.947 ms
[2021-08-10 15:49:10,848] {spark_submit_hook.py:479} INFO - 21/08/10 15:49:10 INFO MemoryStore: Block broadcast_2 stored as values in memory (estimated size 303.0 KiB, free 365.7 MiB)
[2021-08-10 15:49:10,869] {spark_submit_hook.py:479} INFO - 21/08/10 15:49:10 INFO MemoryStore: Block broadcast_2_piece0 stored as bytes in memory (estimated size 27.5 KiB, free 365.6 MiB)
[2021-08-10 15:49:10,871] {spark_submit_hook.py:479} INFO - 21/08/10 15:49:10 INFO BlockManagerInfo: Added broadcast_2_piece0 in memory on 172.27.122.8:39021 (size: 27.5 KiB, free: 366.2 MiB)
[2021-08-10 15:49:10,875] {spark_submit_hook.py:479} INFO - 21/08/10 15:49:10 INFO SparkContext: Created broadcast 2 from json at NativeMethodAccessorImpl.java:0
[2021-08-10 15:49:10,879] {spark_submit_hook.py:479} INFO - 21/08/10 15:49:10 INFO FileSourceScanExec: Planning scan with bin packing, max size: 4202198 bytes, open cost is considered as scanning 4194304 bytes.
[2021-08-10 15:49:11,039] {spark_submit_hook.py:479} INFO - 21/08/10 15:49:11 INFO SparkContext: Starting job: json at NativeMethodAccessorImpl.java:0
[2021-08-10 15:49:11,045] {spark_submit_hook.py:479} INFO - 21/08/10 15:49:11 INFO DAGScheduler: Got job 1 (json at NativeMethodAccessorImpl.java:0) with 1 output partitions
[2021-08-10 15:49:11,045] {spark_submit_hook.py:479} INFO - 21/08/10 15:49:11 INFO DAGScheduler: Final stage: ResultStage 1 (json at NativeMethodAccessorImpl.java:0)
[2021-08-10 15:49:11,045] {spark_submit_hook.py:479} INFO - 21/08/10 15:49:11 INFO DAGScheduler: Parents of final stage: List()
[2021-08-10 15:49:11,046] {spark_submit_hook.py:479} INFO - 21/08/10 15:49:11 INFO DAGScheduler: Missing parents: List()
[2021-08-10 15:49:11,048] {spark_submit_hook.py:479} INFO - 21/08/10 15:49:11 INFO DAGScheduler: Submitting ResultStage 1 (CoalescedRDD[13] at json at NativeMethodAccessorImpl.java:0), which has no missing parents
[2021-08-10 15:49:11,116] {spark_submit_hook.py:479} INFO - 21/08/10 15:49:11 INFO MemoryStore: Block broadcast_3 stored as values in memory (estimated size 188.8 KiB, free 365.5 MiB)
[2021-08-10 15:49:11,121] {spark_submit_hook.py:479} INFO - 21/08/10 15:49:11 INFO MemoryStore: Block broadcast_3_piece0 stored as bytes in memory (estimated size 66.3 KiB, free 365.4 MiB)
[2021-08-10 15:49:11,123] {spark_submit_hook.py:479} INFO - 21/08/10 15:49:11 INFO BlockManagerInfo: Added broadcast_3_piece0 in memory on 172.27.122.8:39021 (size: 66.3 KiB, free: 366.2 MiB)
[2021-08-10 15:49:11,126] {spark_submit_hook.py:479} INFO - 21/08/10 15:49:11 INFO SparkContext: Created broadcast 3 from broadcast at DAGScheduler.scala:1388
[2021-08-10 15:49:11,128] {spark_submit_hook.py:479} INFO - 21/08/10 15:49:11 INFO DAGScheduler: Submitting 1 missing tasks from ResultStage 1 (CoalescedRDD[13] at json at NativeMethodAccessorImpl.java:0) (first 15 tasks are for partitions Vector(0))
[2021-08-10 15:49:11,128] {spark_submit_hook.py:479} INFO - 21/08/10 15:49:11 INFO TaskSchedulerImpl: Adding task set 1.0 with 1 tasks resource profile 0
[2021-08-10 15:49:11,136] {spark_submit_hook.py:479} INFO - 21/08/10 15:49:11 INFO TaskSetManager: Starting task 0.0 in stage 1.0 (TID 1) (172.27.122.8, executor driver, partition 0, PROCESS_LOCAL, 5176 bytes) taskResourceAssignments Map()
[2021-08-10 15:49:11,137] {spark_submit_hook.py:479} INFO - 21/08/10 15:49:11 INFO Executor: Running task 0.0 in stage 1.0 (TID 1)
[2021-08-10 15:49:11,233] {spark_submit_hook.py:479} INFO - 21/08/10 15:49:11 INFO FileOutputCommitter: File Output Committer Algorithm version is 1
[2021-08-10 15:49:11,233] {spark_submit_hook.py:479} INFO - 21/08/10 15:49:11 INFO FileOutputCommitter: FileOutputCommitter skip cleanup _temporary folders under output directory:false, ignore cleanup failures: false
[2021-08-10 15:49:11,234] {spark_submit_hook.py:479} INFO - 21/08/10 15:49:11 INFO SQLHadoopMapReduceCommitProtocol: Using output committer class org.apache.hadoop.mapreduce.lib.output.FileOutputCommitter
[2021-08-10 15:49:11,352] {spark_submit_hook.py:479} INFO - 21/08/10 15:49:11 INFO CodeGenerator: Code generated in 52.7932 ms
[2021-08-10 15:49:11,359] {spark_submit_hook.py:479} INFO - 21/08/10 15:49:11 INFO FileScanRDD: Reading File path: file:///home/ibernardes/datapipeline/datalake/bronze/twitter_aluraonline/extract_date=2021-08-05/AluraOnline_20210805.json, range: 0-7894, partition values: [empty row]
[2021-08-10 15:49:11,417] {spark_submit_hook.py:479} INFO - 21/08/10 15:49:11 INFO CodeGenerator: Code generated in 49.6479 ms
[2021-08-10 15:49:11,485] {spark_submit_hook.py:479} INFO - 21/08/10 15:49:11 INFO CodeGenerator: Code generated in 12.9958 ms
[2021-08-10 15:49:11,563] {spark_submit_hook.py:479} INFO - 21/08/10 15:49:11 INFO FileOutputCommitter: Saved output of task 'attempt_202108101549101748423614299924631_0001_m_000000_1' to file:/home/ibernardes/datapipeline/datalake/silver/twitter_aluraonline/tweet/process_date=2021-08-05/_temporary/0/task_202108101549101748423614299924631_0001_m_000000
[2021-08-10 15:49:11,565] {spark_submit_hook.py:479} INFO - 21/08/10 15:49:11 INFO SparkHadoopMapRedUtil: attempt_202108101549101748423614299924631_0001_m_000000_1: Committed
[2021-08-10 15:49:11,578] {spark_submit_hook.py:479} INFO - 21/08/10 15:49:11 INFO Executor: Finished task 0.0 in stage 1.0 (TID 1). 2901 bytes result sent to driver
[2021-08-10 15:49:11,582] {spark_submit_hook.py:479} INFO - 21/08/10 15:49:11 INFO TaskSetManager: Finished task 0.0 in stage 1.0 (TID 1) in 451 ms on 172.27.122.8 (executor driver) (1/1)
[2021-08-10 15:49:11,582] {spark_submit_hook.py:479} INFO - 21/08/10 15:49:11 INFO TaskSchedulerImpl: Removed TaskSet 1.0, whose tasks have all completed, from pool
[2021-08-10 15:49:11,587] {spark_submit_hook.py:479} INFO - 21/08/10 15:49:11 INFO DAGScheduler: ResultStage 1 (json at NativeMethodAccessorImpl.java:0) finished in 0.533 s
[2021-08-10 15:49:11,587] {spark_submit_hook.py:479} INFO - 21/08/10 15:49:11 INFO DAGScheduler: Job 1 is finished. Cancelling potential speculative or zombie tasks for this job
[2021-08-10 15:49:11,587] {spark_submit_hook.py:479} INFO - 21/08/10 15:49:11 INFO TaskSchedulerImpl: Killing all running tasks in stage 1: Stage finished
[2021-08-10 15:49:11,588] {spark_submit_hook.py:479} INFO - 21/08/10 15:49:11 INFO DAGScheduler: Job 1 finished: json at NativeMethodAccessorImpl.java:0, took 0.547762 s
[2021-08-10 15:49:11,626] {spark_submit_hook.py:479} INFO - 21/08/10 15:49:11 INFO FileFormatWriter: Write Job 6384a8ad-d31b-4862-9264-3bf8bf7ce743 committed.
[2021-08-10 15:49:11,633] {spark_submit_hook.py:479} INFO - 21/08/10 15:49:11 INFO FileFormatWriter: Finished processing stats for write job 6384a8ad-d31b-4862-9264-3bf8bf7ce743.
[2021-08-10 15:49:11,764] {spark_submit_hook.py:479} INFO - 21/08/10 15:49:11 INFO FileSourceStrategy: Pushed Filters: IsNotNull(includes)
[2021-08-10 15:49:11,765] {spark_submit_hook.py:479} INFO - 21/08/10 15:49:11 INFO FileSourceStrategy: Post-Scan Filters: isnotnull(includes#8),(size(includes#8.users, true) > 0),isnotnull(includes#8.users)
[2021-08-10 15:49:11,765] {spark_submit_hook.py:479} INFO - 21/08/10 15:49:11 INFO FileSourceStrategy: Output Data Schema: struct<includes: struct<users: array<struct<created_at:string,id:string,name:string,username:string>>>>
[2021-08-10 15:49:11,793] {spark_submit_hook.py:479} INFO - 21/08/10 15:49:11 INFO FileOutputCommitter: File Output Committer Algorithm version is 1
[2021-08-10 15:49:11,794] {spark_submit_hook.py:479} INFO - 21/08/10 15:49:11 INFO FileOutputCommitter: FileOutputCommitter skip cleanup _temporary folders under output directory:false, ignore cleanup failures: false
[2021-08-10 15:49:11,794] {spark_submit_hook.py:479} INFO - 21/08/10 15:49:11 INFO SQLHadoopMapReduceCommitProtocol: Using output committer class org.apache.hadoop.mapreduce.lib.output.FileOutputCommitter
[2021-08-10 15:49:11,856] {spark_submit_hook.py:479} INFO - 21/08/10 15:49:11 INFO CodeGenerator: Code generated in 24.3516 ms
[2021-08-10 15:49:11,899] {spark_submit_hook.py:479} INFO - 21/08/10 15:49:11 INFO CodeGenerator: Code generated in 32.9715 ms
[2021-08-10 15:49:11,910] {spark_submit_hook.py:479} INFO - 21/08/10 15:49:11 INFO MemoryStore: Block broadcast_4 stored as values in memory (estimated size 303.0 KiB, free 365.1 MiB)
[2021-08-10 15:49:11,929] {spark_submit_hook.py:479} INFO - 21/08/10 15:49:11 INFO MemoryStore: Block broadcast_4_piece0 stored as bytes in memory (estimated size 27.5 KiB, free 365.1 MiB)
[2021-08-10 15:49:11,931] {spark_submit_hook.py:479} INFO - 21/08/10 15:49:11 INFO BlockManagerInfo: Added broadcast_4_piece0 in memory on 172.27.122.8:39021 (size: 27.5 KiB, free: 366.1 MiB)
[2021-08-10 15:49:11,933] {spark_submit_hook.py:479} INFO - 21/08/10 15:49:11 INFO SparkContext: Created broadcast 4 from json at NativeMethodAccessorImpl.java:0
[2021-08-10 15:49:11,935] {spark_submit_hook.py:479} INFO - 21/08/10 15:49:11 INFO FileSourceScanExec: Planning scan with bin packing, max size: 4202198 bytes, open cost is considered as scanning 4194304 bytes.
[2021-08-10 15:49:12,010] {spark_submit_hook.py:479} INFO - 21/08/10 15:49:12 INFO SparkContext: Starting job: json at NativeMethodAccessorImpl.java:0
[2021-08-10 15:49:12,013] {spark_submit_hook.py:479} INFO - 21/08/10 15:49:12 INFO DAGScheduler: Got job 2 (json at NativeMethodAccessorImpl.java:0) with 1 output partitions
[2021-08-10 15:49:12,014] {spark_submit_hook.py:479} INFO - 21/08/10 15:49:12 INFO DAGScheduler: Final stage: ResultStage 2 (json at NativeMethodAccessorImpl.java:0)
[2021-08-10 15:49:12,014] {spark_submit_hook.py:479} INFO - 21/08/10 15:49:12 INFO DAGScheduler: Parents of final stage: List()
[2021-08-10 15:49:12,015] {spark_submit_hook.py:479} INFO - 21/08/10 15:49:12 INFO DAGScheduler: Missing parents: List()
[2021-08-10 15:49:12,017] {spark_submit_hook.py:479} INFO - 21/08/10 15:49:12 INFO DAGScheduler: Submitting ResultStage 2 (CoalescedRDD[25] at json at NativeMethodAccessorImpl.java:0), which has no missing parents
[2021-08-10 15:49:12,050] {spark_submit_hook.py:479} INFO - 21/08/10 15:49:12 INFO MemoryStore: Block broadcast_5 stored as values in memory (estimated size 185.2 KiB, free 364.9 MiB)
[2021-08-10 15:49:12,055] {spark_submit_hook.py:479} INFO - 21/08/10 15:49:12 INFO MemoryStore: Block broadcast_5_piece0 stored as bytes in memory (estimated size 65.8 KiB, free 364.8 MiB)
[2021-08-10 15:49:12,058] {spark_submit_hook.py:479} INFO - 21/08/10 15:49:12 INFO BlockManagerInfo: Added broadcast_5_piece0 in memory on 172.27.122.8:39021 (size: 65.8 KiB, free: 366.1 MiB)
[2021-08-10 15:49:12,059] {spark_submit_hook.py:479} INFO - 21/08/10 15:49:12 INFO SparkContext: Created broadcast 5 from broadcast at DAGScheduler.scala:1388
[2021-08-10 15:49:12,060] {spark_submit_hook.py:479} INFO - 21/08/10 15:49:12 INFO DAGScheduler: Submitting 1 missing tasks from ResultStage 2 (CoalescedRDD[25] at json at NativeMethodAccessorImpl.java:0) (first 15 tasks are for partitions Vector(0))
[2021-08-10 15:49:12,061] {spark_submit_hook.py:479} INFO - 21/08/10 15:49:12 INFO TaskSchedulerImpl: Adding task set 2.0 with 1 tasks resource profile 0
[2021-08-10 15:49:12,064] {spark_submit_hook.py:479} INFO - 21/08/10 15:49:12 INFO TaskSetManager: Starting task 0.0 in stage 2.0 (TID 2) (172.27.122.8, executor driver, partition 0, PROCESS_LOCAL, 5176 bytes) taskResourceAssignments Map()
[2021-08-10 15:49:12,065] {spark_submit_hook.py:479} INFO - 21/08/10 15:49:12 INFO Executor: Running task 0.0 in stage 2.0 (TID 2)
[2021-08-10 15:49:12,096] {spark_submit_hook.py:479} INFO - 21/08/10 15:49:12 INFO FileOutputCommitter: File Output Committer Algorithm version is 1
[2021-08-10 15:49:12,096] {spark_submit_hook.py:479} INFO - 21/08/10 15:49:12 INFO FileOutputCommitter: FileOutputCommitter skip cleanup _temporary folders under output directory:false, ignore cleanup failures: false
[2021-08-10 15:49:12,097] {spark_submit_hook.py:479} INFO - 21/08/10 15:49:12 INFO SQLHadoopMapReduceCommitProtocol: Using output committer class org.apache.hadoop.mapreduce.lib.output.FileOutputCommitter
[2021-08-10 15:49:12,161] {spark_submit_hook.py:479} INFO - 21/08/10 15:49:12 INFO CodeGenerator: Code generated in 16.7618 ms
[2021-08-10 15:49:12,167] {spark_submit_hook.py:479} INFO - 21/08/10 15:49:12 INFO FileScanRDD: Reading File path: file:///home/ibernardes/datapipeline/datalake/bronze/twitter_aluraonline/extract_date=2021-08-05/AluraOnline_20210805.json, range: 0-7894, partition values: [empty row]
[2021-08-10 15:49:12,199] {spark_submit_hook.py:479} INFO - 21/08/10 15:49:12 INFO CodeGenerator: Code generated in 27.9824 ms
[2021-08-10 15:49:12,215] {spark_submit_hook.py:479} INFO - 21/08/10 15:49:12 INFO CodeGenerator: Code generated in 11.9385 ms
[2021-08-10 15:49:12,237] {spark_submit_hook.py:479} INFO - 21/08/10 15:49:12 INFO FileOutputCommitter: Saved output of task 'attempt_202108101549115802161982937473484_0002_m_000000_2' to file:/home/ibernardes/datapipeline/datalake/silver/twitter_aluraonline/user/process_date=2021-08-05/_temporary/0/task_202108101549115802161982937473484_0002_m_000000
[2021-08-10 15:49:12,237] {spark_submit_hook.py:479} INFO - 21/08/10 15:49:12 INFO SparkHadoopMapRedUtil: attempt_202108101549115802161982937473484_0002_m_000000_2: Committed
[2021-08-10 15:49:12,241] {spark_submit_hook.py:479} INFO - 21/08/10 15:49:12 INFO Executor: Finished task 0.0 in stage 2.0 (TID 2). 2858 bytes result sent to driver
[2021-08-10 15:49:12,244] {spark_submit_hook.py:479} INFO - 21/08/10 15:49:12 INFO TaskSetManager: Finished task 0.0 in stage 2.0 (TID 2) in 182 ms on 172.27.122.8 (executor driver) (1/1)
[2021-08-10 15:49:12,245] {spark_submit_hook.py:479} INFO - 21/08/10 15:49:12 INFO TaskSchedulerImpl: Removed TaskSet 2.0, whose tasks have all completed, from pool
[2021-08-10 15:49:12,246] {spark_submit_hook.py:479} INFO - 21/08/10 15:49:12 INFO DAGScheduler: ResultStage 2 (json at NativeMethodAccessorImpl.java:0) finished in 0.228 s
[2021-08-10 15:49:12,247] {spark_submit_hook.py:479} INFO - 21/08/10 15:49:12 INFO DAGScheduler: Job 2 is finished. Cancelling potential speculative or zombie tasks for this job
[2021-08-10 15:49:12,247] {spark_submit_hook.py:479} INFO - 21/08/10 15:49:12 INFO TaskSchedulerImpl: Killing all running tasks in stage 2: Stage finished
[2021-08-10 15:49:12,249] {spark_submit_hook.py:479} INFO - 21/08/10 15:49:12 INFO DAGScheduler: Job 2 finished: json at NativeMethodAccessorImpl.java:0, took 0.237842 s
[2021-08-10 15:49:12,272] {spark_submit_hook.py:479} INFO - 21/08/10 15:49:12 INFO FileFormatWriter: Write Job 929b6ec3-07c7-466f-a4d8-b38c87aa9caa committed.
[2021-08-10 15:49:12,272] {spark_submit_hook.py:479} INFO - 21/08/10 15:49:12 INFO FileFormatWriter: Finished processing stats for write job 929b6ec3-07c7-466f-a4d8-b38c87aa9caa.
[2021-08-10 15:49:12,352] {spark_submit_hook.py:479} INFO - 21/08/10 15:49:12 INFO SparkUI: Stopped Spark web UI at http://172.27.122.8:4040
[2021-08-10 15:49:12,380] {spark_submit_hook.py:479} INFO - 21/08/10 15:49:12 INFO MapOutputTrackerMasterEndpoint: MapOutputTrackerMasterEndpoint stopped!
[2021-08-10 15:49:12,397] {spark_submit_hook.py:479} INFO - 21/08/10 15:49:12 INFO MemoryStore: MemoryStore cleared
[2021-08-10 15:49:12,398] {spark_submit_hook.py:479} INFO - 21/08/10 15:49:12 INFO BlockManager: BlockManager stopped
[2021-08-10 15:49:12,414] {spark_submit_hook.py:479} INFO - 21/08/10 15:49:12 INFO BlockManagerMaster: BlockManagerMaster stopped
[2021-08-10 15:49:12,418] {spark_submit_hook.py:479} INFO - 21/08/10 15:49:12 INFO OutputCommitCoordinator$OutputCommitCoordinatorEndpoint: OutputCommitCoordinator stopped!
[2021-08-10 15:49:12,426] {spark_submit_hook.py:479} INFO - 21/08/10 15:49:12 INFO SparkContext: Successfully stopped SparkContext
[2021-08-10 15:49:12,430] {spark_submit_hook.py:479} INFO - 21/08/10 15:49:12 INFO ShutdownHookManager: Shutdown hook called
[2021-08-10 15:49:12,431] {spark_submit_hook.py:479} INFO - 21/08/10 15:49:12 INFO ShutdownHookManager: Deleting directory /tmp/spark-7ffb33c0-4231-4bc4-9b01-f51b7c483ff7/pyspark-4e66c304-114b-4f11-a462-4311141d3588
[2021-08-10 15:49:12,435] {spark_submit_hook.py:479} INFO - 21/08/10 15:49:12 INFO ShutdownHookManager: Deleting directory /tmp/spark-b03d1318-9e2c-4a32-b4ac-6e623999ad2b
[2021-08-10 15:49:12,441] {spark_submit_hook.py:479} INFO - 21/08/10 15:49:12 INFO ShutdownHookManager: Deleting directory /tmp/spark-7ffb33c0-4231-4bc4-9b01-f51b7c483ff7
[2021-08-10 15:49:12,496] {taskinstance.py:1070} INFO - Marking task as SUCCESS.dag_id=twitter_dag, task_id=transform_twitter_aluraonline, execution_date=20210805T090000, start_date=20210810T184856, end_date=20210810T184912
[2021-08-10 15:49:16,223] {local_task_job.py:102} INFO - Task exited with return code 0
