[2021-08-10 16:06:03,258] {taskinstance.py:670} INFO - Dependencies all met for <TaskInstance: twitter_dag.twitter_aluraonline 2021-08-09T09:00:00+00:00 [queued]>
[2021-08-10 16:06:03,269] {taskinstance.py:670} INFO - Dependencies all met for <TaskInstance: twitter_dag.twitter_aluraonline 2021-08-09T09:00:00+00:00 [queued]>
[2021-08-10 16:06:03,270] {taskinstance.py:880} INFO - 
--------------------------------------------------------------------------------
[2021-08-10 16:06:03,270] {taskinstance.py:881} INFO - Starting attempt 1 of 1
[2021-08-10 16:06:03,270] {taskinstance.py:882} INFO - 
--------------------------------------------------------------------------------
[2021-08-10 16:06:03,291] {taskinstance.py:901} INFO - Executing <Task(TwitterOperator): twitter_aluraonline> on 2021-08-09T09:00:00+00:00
[2021-08-10 16:06:03,293] {standard_task_runner.py:54} INFO - Started process 18838 to run task
[2021-08-10 16:06:03,396] {standard_task_runner.py:77} INFO - Running: ['airflow', 'run', 'twitter_dag', 'twitter_aluraonline', '2021-08-09T09:00:00+00:00', '--job_id', '26', '--pool', 'default_pool', '--raw', '-sd', 'DAGS_FOLDER/twitter_dag.py', '--cfg_path', '/tmp/tmpbh_hhhl4']
[2021-08-10 16:06:03,396] {standard_task_runner.py:78} INFO - Job 26: Subtask twitter_aluraonline
[2021-08-10 16:06:03,425] {logging_mixin.py:112} INFO - Running <TaskInstance: twitter_dag.twitter_aluraonline 2021-08-09T09:00:00+00:00 [running]> on host SAFIRA-097.safira.local
[2021-08-10 16:06:03,472] {base_hook.py:89} INFO - Using connection to: id: twitter_default. Host: https://api.twitter.com, Port: None, Schema: , Login: , Password: None, extra: XXXXXXXX
[2021-08-10 16:06:03,474] {twitter_hook.py:36} INFO - URL: https://api.twitter.com/2/tweets/search/recent?query=AluraOnline&tweet.fields=author_id,conversation_id,created_at,id,in_reply_to_user_id,public_metrics,text&expansions=author_id&user.fields=id,name,username,created_at&start_time=2021-08-09T09:00:00.00Z&end_time=2021-08-10T09:00:00.00Z
[2021-08-10 16:06:05,091] {twitter_hook.py:36} INFO - URL: https://api.twitter.com/2/tweets/search/recent?query=AluraOnline&tweet.fields=author_id,conversation_id,created_at,id,in_reply_to_user_id,public_metrics,text&expansions=author_id&user.fields=id,name,username,created_at&start_time=2021-08-09T09:00:00.00Z&end_time=2021-08-10T09:00:00.00Z&next_token=b26v89c19zqg8o3fpdm85pb91hka7cuhyy6yyetxlx20t
[2021-08-10 16:06:05,607] {twitter_hook.py:36} INFO - URL: https://api.twitter.com/2/tweets/search/recent?query=AluraOnline&tweet.fields=author_id,conversation_id,created_at,id,in_reply_to_user_id,public_metrics,text&expansions=author_id&user.fields=id,name,username,created_at&start_time=2021-08-09T09:00:00.00Z&end_time=2021-08-10T09:00:00.00Z&next_token=b26v89c19zqg8o3fpdm85pan2xpq4ums3hn86d2m7vddp
[2021-08-10 16:06:06,085] {twitter_hook.py:36} INFO - URL: https://api.twitter.com/2/tweets/search/recent?query=AluraOnline&tweet.fields=author_id,conversation_id,created_at,id,in_reply_to_user_id,public_metrics,text&expansions=author_id&user.fields=id,name,username,created_at&start_time=2021-08-09T09:00:00.00Z&end_time=2021-08-10T09:00:00.00Z&next_token=b26v89c19zqg8o3fpdm85n80gmg5fxncz5ruuvcsgauf1
[2021-08-10 16:06:06,580] {twitter_hook.py:36} INFO - URL: https://api.twitter.com/2/tweets/search/recent?query=AluraOnline&tweet.fields=author_id,conversation_id,created_at,id,in_reply_to_user_id,public_metrics,text&expansions=author_id&user.fields=id,name,username,created_at&start_time=2021-08-09T09:00:00.00Z&end_time=2021-08-10T09:00:00.00Z&next_token=b26v89c19zqg8o3fpdm85n7f1tc45mpg1vayxka7q2ge5
[2021-08-10 16:06:07,076] {twitter_hook.py:36} INFO - URL: https://api.twitter.com/2/tweets/search/recent?query=AluraOnline&tweet.fields=author_id,conversation_id,created_at,id,in_reply_to_user_id,public_metrics,text&expansions=author_id&user.fields=id,name,username,created_at&start_time=2021-08-09T09:00:00.00Z&end_time=2021-08-10T09:00:00.00Z&next_token=b26v89c19zqg8o3fpdm85n6in1ni815hr0k8s8pgelvul
[2021-08-10 16:06:07,540] {taskinstance.py:1070} INFO - Marking task as SUCCESS.dag_id=twitter_dag, task_id=twitter_aluraonline, execution_date=20210809T090000, start_date=20210810T190603, end_date=20210810T190607
[2021-08-10 16:06:08,241] {local_task_job.py:102} INFO - Task exited with return code 0
