[2021-08-10 15:48:34,542] {taskinstance.py:670} INFO - Dependencies all met for <TaskInstance: twitter_dag.transform_twitter_aluraonline 2021-08-04T09:00:00+00:00 [queued]>
[2021-08-10 15:48:34,557] {taskinstance.py:670} INFO - Dependencies all met for <TaskInstance: twitter_dag.transform_twitter_aluraonline 2021-08-04T09:00:00+00:00 [queued]>
[2021-08-10 15:48:34,557] {taskinstance.py:880} INFO - 
--------------------------------------------------------------------------------
[2021-08-10 15:48:34,557] {taskinstance.py:881} INFO - Starting attempt 1 of 1
[2021-08-10 15:48:34,557] {taskinstance.py:882} INFO - 
--------------------------------------------------------------------------------
[2021-08-10 15:48:34,588] {taskinstance.py:901} INFO - Executing <Task(SparkSubmitOperator): transform_twitter_aluraonline> on 2021-08-04T09:00:00+00:00
[2021-08-10 15:48:34,593] {standard_task_runner.py:54} INFO - Started process 13691 to run task
[2021-08-10 15:48:34,810] {standard_task_runner.py:77} INFO - Running: ['airflow', 'run', 'twitter_dag', 'transform_twitter_aluraonline', '2021-08-04T09:00:00+00:00', '--job_id', '18', '--pool', 'default_pool', '--raw', '-sd', 'DAGS_FOLDER/twitter_dag.py', '--cfg_path', '/tmp/tmp_51ha0p3']
[2021-08-10 15:48:34,811] {standard_task_runner.py:78} INFO - Job 18: Subtask transform_twitter_aluraonline
[2021-08-10 15:48:34,847] {logging_mixin.py:112} INFO - Running <TaskInstance: twitter_dag.transform_twitter_aluraonline 2021-08-04T09:00:00+00:00 [running]> on host SAFIRA-097.safira.local
[2021-08-10 15:48:34,912] {base_hook.py:89} INFO - Using connection to: id: spark_default. Host: local, Port: None, Schema: , Login: , Password: None, extra: XXXXXXXX
[2021-08-10 15:48:34,915] {spark_submit_hook.py:325} INFO - Spark-Submit cmd: /home/ibernardes/datapipeline/spark-3.1.2-bin-hadoop3.2/bin/spark-submit --master local --name twitter_transformation /home/ibernardes/datapipeline/spark/transformation.py --src /home/ibernardes/datapipeline/datalake/bronze/twitter_aluraonline/extract_date=2021-08-04 --dest /home/ibernardes/datapipeline/datalake/silver/twitter_aluraonline/ --process-date 2021-08-04
[2021-08-10 15:48:37,494] {spark_submit_hook.py:479} INFO - 21/08/10 15:48:37 WARN Utils: Your hostname, SAFIRA-097 resolves to a loopback address: 127.0.1.1; using 172.27.122.8 instead (on interface eth0)
[2021-08-10 15:48:37,494] {spark_submit_hook.py:479} INFO - 21/08/10 15:48:37 WARN Utils: Set SPARK_LOCAL_IP if you need to bind to another address
[2021-08-10 15:48:38,966] {spark_submit_hook.py:479} INFO - 21/08/10 15:48:38 WARN NativeCodeLoader: Unable to load native-hadoop library for your platform... using builtin-java classes where applicable
[2021-08-10 15:48:39,698] {spark_submit_hook.py:479} INFO - 21/08/10 15:48:39 INFO SparkContext: Running Spark version 3.1.2
[2021-08-10 15:48:39,740] {spark_submit_hook.py:479} INFO - 21/08/10 15:48:39 INFO ResourceUtils: ==============================================================
[2021-08-10 15:48:39,741] {spark_submit_hook.py:479} INFO - 21/08/10 15:48:39 INFO ResourceUtils: No custom resources configured for spark.driver.
[2021-08-10 15:48:39,741] {spark_submit_hook.py:479} INFO - 21/08/10 15:48:39 INFO ResourceUtils: ==============================================================
[2021-08-10 15:48:39,742] {spark_submit_hook.py:479} INFO - 21/08/10 15:48:39 INFO SparkContext: Submitted application: twitter_transformation
[2021-08-10 15:48:39,766] {spark_submit_hook.py:479} INFO - 21/08/10 15:48:39 INFO ResourceProfile: Default ResourceProfile created, executor resources: Map(cores -> name: cores, amount: 1, script: , vendor: , memory -> name: memory, amount: 1024, script: , vendor: , offHeap -> name: offHeap, amount: 0, script: , vendor: ), task resources: Map(cpus -> name: cpus, amount: 1.0)
[2021-08-10 15:48:39,779] {spark_submit_hook.py:479} INFO - 21/08/10 15:48:39 INFO ResourceProfile: Limiting resource is cpu
[2021-08-10 15:48:39,780] {spark_submit_hook.py:479} INFO - 21/08/10 15:48:39 INFO ResourceProfileManager: Added ResourceProfile id: 0
[2021-08-10 15:48:39,836] {spark_submit_hook.py:479} INFO - 21/08/10 15:48:39 INFO SecurityManager: Changing view acls to: ibernardes
[2021-08-10 15:48:39,836] {spark_submit_hook.py:479} INFO - 21/08/10 15:48:39 INFO SecurityManager: Changing modify acls to: ibernardes
[2021-08-10 15:48:39,836] {spark_submit_hook.py:479} INFO - 21/08/10 15:48:39 INFO SecurityManager: Changing view acls groups to:
[2021-08-10 15:48:39,836] {spark_submit_hook.py:479} INFO - 21/08/10 15:48:39 INFO SecurityManager: Changing modify acls groups to:
[2021-08-10 15:48:39,836] {spark_submit_hook.py:479} INFO - 21/08/10 15:48:39 INFO SecurityManager: SecurityManager: authentication disabled; ui acls disabled; users  with view permissions: Set(ibernardes); groups with view permissions: Set(); users  with modify permissions: Set(ibernardes); groups with modify permissions: Set()
[2021-08-10 15:48:40,055] {spark_submit_hook.py:479} INFO - 21/08/10 15:48:40 INFO Utils: Successfully started service 'sparkDriver' on port 44561.
[2021-08-10 15:48:40,089] {spark_submit_hook.py:479} INFO - 21/08/10 15:48:40 INFO SparkEnv: Registering MapOutputTracker
[2021-08-10 15:48:40,141] {spark_submit_hook.py:479} INFO - 21/08/10 15:48:40 INFO SparkEnv: Registering BlockManagerMaster
[2021-08-10 15:48:40,166] {spark_submit_hook.py:479} INFO - 21/08/10 15:48:40 INFO BlockManagerMasterEndpoint: Using org.apache.spark.storage.DefaultTopologyMapper for getting topology information
[2021-08-10 15:48:40,167] {spark_submit_hook.py:479} INFO - 21/08/10 15:48:40 INFO BlockManagerMasterEndpoint: BlockManagerMasterEndpoint up
[2021-08-10 15:48:40,171] {spark_submit_hook.py:479} INFO - 21/08/10 15:48:40 INFO SparkEnv: Registering BlockManagerMasterHeartbeat
[2021-08-10 15:48:40,189] {spark_submit_hook.py:479} INFO - 21/08/10 15:48:40 INFO DiskBlockManager: Created local directory at /tmp/blockmgr-f4898fbc-3a13-4159-9ec1-774aa0e43f0b
[2021-08-10 15:48:40,215] {spark_submit_hook.py:479} INFO - 21/08/10 15:48:40 INFO MemoryStore: MemoryStore started with capacity 366.3 MiB
[2021-08-10 15:48:40,235] {spark_submit_hook.py:479} INFO - 21/08/10 15:48:40 INFO SparkEnv: Registering OutputCommitCoordinator
[2021-08-10 15:48:40,533] {spark_submit_hook.py:479} INFO - 21/08/10 15:48:40 INFO Utils: Successfully started service 'SparkUI' on port 4040.
[2021-08-10 15:48:40,610] {spark_submit_hook.py:479} INFO - 21/08/10 15:48:40 INFO SparkUI: Bound SparkUI to 0.0.0.0, and started at http://172.27.122.8:4040
[2021-08-10 15:48:40,924] {spark_submit_hook.py:479} INFO - 21/08/10 15:48:40 INFO Executor: Starting executor ID driver on host 172.27.122.8
[2021-08-10 15:48:40,958] {spark_submit_hook.py:479} INFO - 21/08/10 15:48:40 INFO Utils: Successfully started service 'org.apache.spark.network.netty.NettyBlockTransferService' on port 45699.
[2021-08-10 15:48:40,958] {spark_submit_hook.py:479} INFO - 21/08/10 15:48:40 INFO NettyBlockTransferService: Server created on 172.27.122.8:45699
[2021-08-10 15:48:40,961] {spark_submit_hook.py:479} INFO - 21/08/10 15:48:40 INFO BlockManager: Using org.apache.spark.storage.RandomBlockReplicationPolicy for block replication policy
[2021-08-10 15:48:40,973] {spark_submit_hook.py:479} INFO - 21/08/10 15:48:40 INFO BlockManagerMaster: Registering BlockManager BlockManagerId(driver, 172.27.122.8, 45699, None)
[2021-08-10 15:48:40,980] {spark_submit_hook.py:479} INFO - 21/08/10 15:48:40 INFO BlockManagerMasterEndpoint: Registering block manager 172.27.122.8:45699 with 366.3 MiB RAM, BlockManagerId(driver, 172.27.122.8, 45699, None)
[2021-08-10 15:48:40,986] {spark_submit_hook.py:479} INFO - 21/08/10 15:48:40 INFO BlockManagerMaster: Registered BlockManager BlockManagerId(driver, 172.27.122.8, 45699, None)
[2021-08-10 15:48:40,990] {spark_submit_hook.py:479} INFO - 21/08/10 15:48:40 INFO BlockManager: Initialized BlockManager: BlockManagerId(driver, 172.27.122.8, 45699, None)
[2021-08-10 15:48:41,697] {spark_submit_hook.py:479} INFO - 21/08/10 15:48:41 INFO SharedState: Setting hive.metastore.warehouse.dir ('null') to the value of spark.sql.warehouse.dir ('file:/home/ibernardes/datapipeline/spark-warehouse').
[2021-08-10 15:48:41,697] {spark_submit_hook.py:479} INFO - 21/08/10 15:48:41 INFO SharedState: Warehouse path is 'file:/home/ibernardes/datapipeline/spark-warehouse'.
[2021-08-10 15:48:42,835] {spark_submit_hook.py:479} INFO - 21/08/10 15:48:42 INFO InMemoryFileIndex: It took 55 ms to list leaf files for 1 paths.
[2021-08-10 15:48:42,921] {spark_submit_hook.py:479} INFO - 21/08/10 15:48:42 INFO InMemoryFileIndex: It took 3 ms to list leaf files for 1 paths.
[2021-08-10 15:48:45,992] {spark_submit_hook.py:479} INFO - 21/08/10 15:48:45 INFO FileSourceStrategy: Pushed Filters:
[2021-08-10 15:48:45,993] {spark_submit_hook.py:479} INFO - 21/08/10 15:48:45 INFO FileSourceStrategy: Post-Scan Filters:
[2021-08-10 15:48:45,997] {spark_submit_hook.py:479} INFO - 21/08/10 15:48:45 INFO FileSourceStrategy: Output Data Schema: struct<value: string>
[2021-08-10 15:48:46,288] {spark_submit_hook.py:479} INFO - 21/08/10 15:48:46 INFO MemoryStore: Block broadcast_0 stored as values in memory (estimated size 303.1 KiB, free 366.0 MiB)
[2021-08-10 15:48:46,368] {spark_submit_hook.py:479} INFO - 21/08/10 15:48:46 INFO MemoryStore: Block broadcast_0_piece0 stored as bytes in memory (estimated size 27.5 KiB, free 366.0 MiB)
[2021-08-10 15:48:46,380] {spark_submit_hook.py:479} INFO - 21/08/10 15:48:46 INFO BlockManagerInfo: Added broadcast_0_piece0 in memory on 172.27.122.8:45699 (size: 27.5 KiB, free: 366.3 MiB)
[2021-08-10 15:48:46,387] {spark_submit_hook.py:479} INFO - 21/08/10 15:48:46 INFO SparkContext: Created broadcast 0 from json at NativeMethodAccessorImpl.java:0
[2021-08-10 15:48:46,403] {spark_submit_hook.py:479} INFO - 21/08/10 15:48:46 INFO FileSourceScanExec: Planning scan with bin packing, max size: 4201085 bytes, open cost is considered as scanning 4194304 bytes.
[2021-08-10 15:48:46,624] {spark_submit_hook.py:479} INFO - 21/08/10 15:48:46 INFO SparkContext: Starting job: json at NativeMethodAccessorImpl.java:0
[2021-08-10 15:48:46,645] {spark_submit_hook.py:479} INFO - 21/08/10 15:48:46 INFO DAGScheduler: Got job 0 (json at NativeMethodAccessorImpl.java:0) with 1 output partitions
[2021-08-10 15:48:46,646] {spark_submit_hook.py:479} INFO - 21/08/10 15:48:46 INFO DAGScheduler: Final stage: ResultStage 0 (json at NativeMethodAccessorImpl.java:0)
[2021-08-10 15:48:46,647] {spark_submit_hook.py:479} INFO - 21/08/10 15:48:46 INFO DAGScheduler: Parents of final stage: List()
[2021-08-10 15:48:46,650] {spark_submit_hook.py:479} INFO - 21/08/10 15:48:46 INFO DAGScheduler: Missing parents: List()
[2021-08-10 15:48:46,654] {spark_submit_hook.py:479} INFO - 21/08/10 15:48:46 INFO DAGScheduler: Submitting ResultStage 0 (MapPartitionsRDD[3] at json at NativeMethodAccessorImpl.java:0), which has no missing parents
[2021-08-10 15:48:46,758] {spark_submit_hook.py:479} INFO - 21/08/10 15:48:46 INFO MemoryStore: Block broadcast_1 stored as values in memory (estimated size 12.1 KiB, free 366.0 MiB)
[2021-08-10 15:48:46,763] {spark_submit_hook.py:479} INFO - 21/08/10 15:48:46 INFO MemoryStore: Block broadcast_1_piece0 stored as bytes in memory (estimated size 6.3 KiB, free 366.0 MiB)
[2021-08-10 15:48:46,764] {spark_submit_hook.py:479} INFO - 21/08/10 15:48:46 INFO BlockManagerInfo: Added broadcast_1_piece0 in memory on 172.27.122.8:45699 (size: 6.3 KiB, free: 366.3 MiB)
[2021-08-10 15:48:46,766] {spark_submit_hook.py:479} INFO - 21/08/10 15:48:46 INFO SparkContext: Created broadcast 1 from broadcast at DAGScheduler.scala:1388
[2021-08-10 15:48:46,778] {spark_submit_hook.py:479} INFO - 21/08/10 15:48:46 INFO DAGScheduler: Submitting 1 missing tasks from ResultStage 0 (MapPartitionsRDD[3] at json at NativeMethodAccessorImpl.java:0) (first 15 tasks are for partitions Vector(0))
[2021-08-10 15:48:46,780] {spark_submit_hook.py:479} INFO - 21/08/10 15:48:46 INFO TaskSchedulerImpl: Adding task set 0.0 with 1 tasks resource profile 0
[2021-08-10 15:48:46,829] {spark_submit_hook.py:479} INFO - 21/08/10 15:48:46 INFO TaskSetManager: Starting task 0.0 in stage 0.0 (TID 0) (172.27.122.8, executor driver, partition 0, PROCESS_LOCAL, 4947 bytes) taskResourceAssignments Map()
[2021-08-10 15:48:46,845] {spark_submit_hook.py:479} INFO - 21/08/10 15:48:46 INFO Executor: Running task 0.0 in stage 0.0 (TID 0)
[2021-08-10 15:48:47,179] {spark_submit_hook.py:479} INFO - 21/08/10 15:48:47 INFO FileScanRDD: Reading File path: file:///home/ibernardes/datapipeline/datalake/bronze/twitter_aluraonline/extract_date=2021-08-04/AluraOnline_20210804.json, range: 0-6781, partition values: [empty row]
[2021-08-10 15:48:47,531] {spark_submit_hook.py:479} INFO - 21/08/10 15:48:47 INFO CodeGenerator: Code generated in 213.6234 ms
[2021-08-10 15:48:47,593] {spark_submit_hook.py:479} INFO - 21/08/10 15:48:47 INFO Executor: Finished task 0.0 in stage 0.0 (TID 0). 2858 bytes result sent to driver
[2021-08-10 15:48:47,605] {spark_submit_hook.py:479} INFO - 21/08/10 15:48:47 INFO TaskSetManager: Finished task 0.0 in stage 0.0 (TID 0) in 783 ms on 172.27.122.8 (executor driver) (1/1)
[2021-08-10 15:48:47,607] {spark_submit_hook.py:479} INFO - 21/08/10 15:48:47 INFO TaskSchedulerImpl: Removed TaskSet 0.0, whose tasks have all completed, from pool
[2021-08-10 15:48:47,615] {spark_submit_hook.py:479} INFO - 21/08/10 15:48:47 INFO DAGScheduler: ResultStage 0 (json at NativeMethodAccessorImpl.java:0) finished in 0.942 s
[2021-08-10 15:48:47,619] {spark_submit_hook.py:479} INFO - 21/08/10 15:48:47 INFO DAGScheduler: Job 0 is finished. Cancelling potential speculative or zombie tasks for this job
[2021-08-10 15:48:47,707] {spark_submit_hook.py:479} INFO - 21/08/10 15:48:47 INFO TaskSchedulerImpl: Killing all running tasks in stage 0: Stage finished
[2021-08-10 15:48:47,710] {spark_submit_hook.py:479} INFO - 21/08/10 15:48:47 INFO DAGScheduler: Job 0 finished: json at NativeMethodAccessorImpl.java:0, took 1.086069 s
[2021-08-10 15:48:48,189] {spark_submit_hook.py:479} INFO - 21/08/10 15:48:48 INFO FileSourceStrategy: Pushed Filters: IsNotNull(data)
[2021-08-10 15:48:48,191] {spark_submit_hook.py:479} INFO - 21/08/10 15:48:48 INFO FileSourceStrategy: Post-Scan Filters: (size(data#7, true) > 0),isnotnull(data#7)
[2021-08-10 15:48:48,191] {spark_submit_hook.py:479} INFO - 21/08/10 15:48:48 INFO FileSourceStrategy: Output Data Schema: struct<data: array<struct<author_id:string,conversation_id:string,created_at:string,id:string,in_reply_to_user_id:string,public_metrics:struct<like_count:bigint,quote_count:bigint,reply_count:bigint,retweet_count:bigint>,text:string>>>
[2021-08-10 15:48:48,272] {spark_submit_hook.py:479} INFO - 21/08/10 15:48:48 INFO FileOutputCommitter: File Output Committer Algorithm version is 1
[2021-08-10 15:48:48,272] {spark_submit_hook.py:479} INFO - 21/08/10 15:48:48 INFO FileOutputCommitter: FileOutputCommitter skip cleanup _temporary folders under output directory:false, ignore cleanup failures: false
[2021-08-10 15:48:48,273] {spark_submit_hook.py:479} INFO - 21/08/10 15:48:48 INFO SQLHadoopMapReduceCommitProtocol: Using output committer class org.apache.hadoop.mapreduce.lib.output.FileOutputCommitter
[2021-08-10 15:48:48,387] {spark_submit_hook.py:479} INFO - 21/08/10 15:48:48 INFO CodeGenerator: Code generated in 34.5952 ms
[2021-08-10 15:48:48,453] {spark_submit_hook.py:479} INFO - 21/08/10 15:48:48 INFO CodeGenerator: Code generated in 48.5244 ms
[2021-08-10 15:48:48,459] {spark_submit_hook.py:479} INFO - 21/08/10 15:48:48 INFO MemoryStore: Block broadcast_2 stored as values in memory (estimated size 303.0 KiB, free 365.7 MiB)
[2021-08-10 15:48:48,471] {spark_submit_hook.py:479} INFO - 21/08/10 15:48:48 INFO MemoryStore: Block broadcast_2_piece0 stored as bytes in memory (estimated size 27.5 KiB, free 365.6 MiB)
[2021-08-10 15:48:48,473] {spark_submit_hook.py:479} INFO - 21/08/10 15:48:48 INFO BlockManagerInfo: Added broadcast_2_piece0 in memory on 172.27.122.8:45699 (size: 27.5 KiB, free: 366.2 MiB)
[2021-08-10 15:48:48,475] {spark_submit_hook.py:479} INFO - 21/08/10 15:48:48 INFO SparkContext: Created broadcast 2 from json at NativeMethodAccessorImpl.java:0
[2021-08-10 15:48:48,478] {spark_submit_hook.py:479} INFO - 21/08/10 15:48:48 INFO FileSourceScanExec: Planning scan with bin packing, max size: 4201085 bytes, open cost is considered as scanning 4194304 bytes.
[2021-08-10 15:48:48,594] {spark_submit_hook.py:479} INFO - 21/08/10 15:48:48 INFO SparkContext: Starting job: json at NativeMethodAccessorImpl.java:0
[2021-08-10 15:48:48,597] {spark_submit_hook.py:479} INFO - 21/08/10 15:48:48 INFO DAGScheduler: Got job 1 (json at NativeMethodAccessorImpl.java:0) with 1 output partitions
[2021-08-10 15:48:48,598] {spark_submit_hook.py:479} INFO - 21/08/10 15:48:48 INFO DAGScheduler: Final stage: ResultStage 1 (json at NativeMethodAccessorImpl.java:0)
[2021-08-10 15:48:48,598] {spark_submit_hook.py:479} INFO - 21/08/10 15:48:48 INFO DAGScheduler: Parents of final stage: List()
[2021-08-10 15:48:48,599] {spark_submit_hook.py:479} INFO - 21/08/10 15:48:48 INFO DAGScheduler: Missing parents: List()
[2021-08-10 15:48:48,601] {spark_submit_hook.py:479} INFO - 21/08/10 15:48:48 INFO DAGScheduler: Submitting ResultStage 1 (CoalescedRDD[13] at json at NativeMethodAccessorImpl.java:0), which has no missing parents
[2021-08-10 15:48:48,659] {spark_submit_hook.py:479} INFO - 21/08/10 15:48:48 INFO MemoryStore: Block broadcast_3 stored as values in memory (estimated size 188.8 KiB, free 365.5 MiB)
[2021-08-10 15:48:48,664] {spark_submit_hook.py:479} INFO - 21/08/10 15:48:48 INFO MemoryStore: Block broadcast_3_piece0 stored as bytes in memory (estimated size 66.3 KiB, free 365.4 MiB)
[2021-08-10 15:48:48,665] {spark_submit_hook.py:479} INFO - 21/08/10 15:48:48 INFO BlockManagerInfo: Added broadcast_3_piece0 in memory on 172.27.122.8:45699 (size: 66.3 KiB, free: 366.2 MiB)
[2021-08-10 15:48:48,666] {spark_submit_hook.py:479} INFO - 21/08/10 15:48:48 INFO SparkContext: Created broadcast 3 from broadcast at DAGScheduler.scala:1388
[2021-08-10 15:48:48,667] {spark_submit_hook.py:479} INFO - 21/08/10 15:48:48 INFO DAGScheduler: Submitting 1 missing tasks from ResultStage 1 (CoalescedRDD[13] at json at NativeMethodAccessorImpl.java:0) (first 15 tasks are for partitions Vector(0))
[2021-08-10 15:48:48,667] {spark_submit_hook.py:479} INFO - 21/08/10 15:48:48 INFO TaskSchedulerImpl: Adding task set 1.0 with 1 tasks resource profile 0
[2021-08-10 15:48:48,673] {spark_submit_hook.py:479} INFO - 21/08/10 15:48:48 INFO TaskSetManager: Starting task 0.0 in stage 1.0 (TID 1) (172.27.122.8, executor driver, partition 0, PROCESS_LOCAL, 5176 bytes) taskResourceAssignments Map()
[2021-08-10 15:48:48,674] {spark_submit_hook.py:479} INFO - 21/08/10 15:48:48 INFO Executor: Running task 0.0 in stage 1.0 (TID 1)
[2021-08-10 15:48:48,744] {spark_submit_hook.py:479} INFO - 21/08/10 15:48:48 INFO FileOutputCommitter: File Output Committer Algorithm version is 1
[2021-08-10 15:48:48,744] {spark_submit_hook.py:479} INFO - 21/08/10 15:48:48 INFO FileOutputCommitter: FileOutputCommitter skip cleanup _temporary folders under output directory:false, ignore cleanup failures: false
[2021-08-10 15:48:48,746] {spark_submit_hook.py:479} INFO - 21/08/10 15:48:48 INFO SQLHadoopMapReduceCommitProtocol: Using output committer class org.apache.hadoop.mapreduce.lib.output.FileOutputCommitter
[2021-08-10 15:48:48,845] {spark_submit_hook.py:479} INFO - 21/08/10 15:48:48 INFO CodeGenerator: Code generated in 31.0735 ms
[2021-08-10 15:48:48,852] {spark_submit_hook.py:479} INFO - 21/08/10 15:48:48 INFO FileScanRDD: Reading File path: file:///home/ibernardes/datapipeline/datalake/bronze/twitter_aluraonline/extract_date=2021-08-04/AluraOnline_20210804.json, range: 0-6781, partition values: [empty row]
[2021-08-10 15:48:48,887] {spark_submit_hook.py:479} INFO - 21/08/10 15:48:48 INFO CodeGenerator: Code generated in 30.5087 ms
[2021-08-10 15:48:48,933] {spark_submit_hook.py:479} INFO - 21/08/10 15:48:48 INFO CodeGenerator: Code generated in 8.4213 ms
[2021-08-10 15:48:49,006] {spark_submit_hook.py:479} INFO - 21/08/10 15:48:49 INFO FileOutputCommitter: Saved output of task 'attempt_202108101548482427961274604880232_0001_m_000000_1' to file:/home/ibernardes/datapipeline/datalake/silver/twitter_aluraonline/tweet/process_date=2021-08-04/_temporary/0/task_202108101548482427961274604880232_0001_m_000000
[2021-08-10 15:48:49,009] {spark_submit_hook.py:479} INFO - 21/08/10 15:48:49 INFO SparkHadoopMapRedUtil: attempt_202108101548482427961274604880232_0001_m_000000_1: Committed
[2021-08-10 15:48:49,017] {spark_submit_hook.py:479} INFO - 21/08/10 15:48:49 INFO Executor: Finished task 0.0 in stage 1.0 (TID 1). 2901 bytes result sent to driver
[2021-08-10 15:48:49,020] {spark_submit_hook.py:479} INFO - 21/08/10 15:48:49 INFO TaskSetManager: Finished task 0.0 in stage 1.0 (TID 1) in 351 ms on 172.27.122.8 (executor driver) (1/1)
[2021-08-10 15:48:49,020] {spark_submit_hook.py:479} INFO - 21/08/10 15:48:49 INFO TaskSchedulerImpl: Removed TaskSet 1.0, whose tasks have all completed, from pool
[2021-08-10 15:48:49,022] {spark_submit_hook.py:479} INFO - 21/08/10 15:48:49 INFO DAGScheduler: ResultStage 1 (json at NativeMethodAccessorImpl.java:0) finished in 0.418 s
[2021-08-10 15:48:49,022] {spark_submit_hook.py:479} INFO - 21/08/10 15:48:49 INFO DAGScheduler: Job 1 is finished. Cancelling potential speculative or zombie tasks for this job
[2021-08-10 15:48:49,022] {spark_submit_hook.py:479} INFO - 21/08/10 15:48:49 INFO TaskSchedulerImpl: Killing all running tasks in stage 1: Stage finished
[2021-08-10 15:48:49,025] {spark_submit_hook.py:479} INFO - 21/08/10 15:48:49 INFO DAGScheduler: Job 1 finished: json at NativeMethodAccessorImpl.java:0, took 0.430952 s
[2021-08-10 15:48:49,052] {spark_submit_hook.py:479} INFO - 21/08/10 15:48:49 INFO FileFormatWriter: Write Job 779bb4d3-412b-4722-b447-a293691b39f6 committed.
[2021-08-10 15:48:49,059] {spark_submit_hook.py:479} INFO - 21/08/10 15:48:49 INFO FileFormatWriter: Finished processing stats for write job 779bb4d3-412b-4722-b447-a293691b39f6.
[2021-08-10 15:48:49,158] {spark_submit_hook.py:479} INFO - 21/08/10 15:48:49 INFO FileSourceStrategy: Pushed Filters: IsNotNull(includes)
[2021-08-10 15:48:49,158] {spark_submit_hook.py:479} INFO - 21/08/10 15:48:49 INFO FileSourceStrategy: Post-Scan Filters: isnotnull(includes#8),(size(includes#8.users, true) > 0),isnotnull(includes#8.users)
[2021-08-10 15:48:49,159] {spark_submit_hook.py:479} INFO - 21/08/10 15:48:49 INFO FileSourceStrategy: Output Data Schema: struct<includes: struct<users: array<struct<created_at:string,id:string,name:string,username:string>>>>
[2021-08-10 15:48:49,187] {spark_submit_hook.py:479} INFO - 21/08/10 15:48:49 INFO FileOutputCommitter: File Output Committer Algorithm version is 1
[2021-08-10 15:48:49,187] {spark_submit_hook.py:479} INFO - 21/08/10 15:48:49 INFO FileOutputCommitter: FileOutputCommitter skip cleanup _temporary folders under output directory:false, ignore cleanup failures: false
[2021-08-10 15:48:49,188] {spark_submit_hook.py:479} INFO - 21/08/10 15:48:49 INFO SQLHadoopMapReduceCommitProtocol: Using output committer class org.apache.hadoop.mapreduce.lib.output.FileOutputCommitter
[2021-08-10 15:48:49,238] {spark_submit_hook.py:479} INFO - 21/08/10 15:48:49 INFO CodeGenerator: Code generated in 20.6717 ms
[2021-08-10 15:48:49,278] {spark_submit_hook.py:479} INFO - 21/08/10 15:48:49 INFO CodeGenerator: Code generated in 26.3664 ms
[2021-08-10 15:48:49,285] {spark_submit_hook.py:479} INFO - 21/08/10 15:48:49 INFO MemoryStore: Block broadcast_4 stored as values in memory (estimated size 303.0 KiB, free 365.1 MiB)
[2021-08-10 15:48:49,299] {spark_submit_hook.py:479} INFO - 21/08/10 15:48:49 INFO MemoryStore: Block broadcast_4_piece0 stored as bytes in memory (estimated size 27.5 KiB, free 365.1 MiB)
[2021-08-10 15:48:49,301] {spark_submit_hook.py:479} INFO - 21/08/10 15:48:49 INFO BlockManagerInfo: Added broadcast_4_piece0 in memory on 172.27.122.8:45699 (size: 27.5 KiB, free: 366.1 MiB)
[2021-08-10 15:48:49,302] {spark_submit_hook.py:479} INFO - 21/08/10 15:48:49 INFO SparkContext: Created broadcast 4 from json at NativeMethodAccessorImpl.java:0
[2021-08-10 15:48:49,304] {spark_submit_hook.py:479} INFO - 21/08/10 15:48:49 INFO FileSourceScanExec: Planning scan with bin packing, max size: 4201085 bytes, open cost is considered as scanning 4194304 bytes.
[2021-08-10 15:48:49,350] {spark_submit_hook.py:479} INFO - 21/08/10 15:48:49 INFO SparkContext: Starting job: json at NativeMethodAccessorImpl.java:0
[2021-08-10 15:48:49,353] {spark_submit_hook.py:479} INFO - 21/08/10 15:48:49 INFO DAGScheduler: Got job 2 (json at NativeMethodAccessorImpl.java:0) with 1 output partitions
[2021-08-10 15:48:49,353] {spark_submit_hook.py:479} INFO - 21/08/10 15:48:49 INFO DAGScheduler: Final stage: ResultStage 2 (json at NativeMethodAccessorImpl.java:0)
[2021-08-10 15:48:49,353] {spark_submit_hook.py:479} INFO - 21/08/10 15:48:49 INFO DAGScheduler: Parents of final stage: List()
[2021-08-10 15:48:49,354] {spark_submit_hook.py:479} INFO - 21/08/10 15:48:49 INFO DAGScheduler: Missing parents: List()
[2021-08-10 15:48:49,356] {spark_submit_hook.py:479} INFO - 21/08/10 15:48:49 INFO DAGScheduler: Submitting ResultStage 2 (CoalescedRDD[25] at json at NativeMethodAccessorImpl.java:0), which has no missing parents
[2021-08-10 15:48:49,391] {spark_submit_hook.py:479} INFO - 21/08/10 15:48:49 INFO MemoryStore: Block broadcast_5 stored as values in memory (estimated size 185.2 KiB, free 364.9 MiB)
[2021-08-10 15:48:49,395] {spark_submit_hook.py:479} INFO - 21/08/10 15:48:49 INFO MemoryStore: Block broadcast_5_piece0 stored as bytes in memory (estimated size 65.8 KiB, free 364.8 MiB)
[2021-08-10 15:48:49,396] {spark_submit_hook.py:479} INFO - 21/08/10 15:48:49 INFO BlockManagerInfo: Added broadcast_5_piece0 in memory on 172.27.122.8:45699 (size: 65.8 KiB, free: 366.1 MiB)
[2021-08-10 15:48:49,397] {spark_submit_hook.py:479} INFO - 21/08/10 15:48:49 INFO SparkContext: Created broadcast 5 from broadcast at DAGScheduler.scala:1388
[2021-08-10 15:48:49,399] {spark_submit_hook.py:479} INFO - 21/08/10 15:48:49 INFO DAGScheduler: Submitting 1 missing tasks from ResultStage 2 (CoalescedRDD[25] at json at NativeMethodAccessorImpl.java:0) (first 15 tasks are for partitions Vector(0))
[2021-08-10 15:48:49,399] {spark_submit_hook.py:479} INFO - 21/08/10 15:48:49 INFO TaskSchedulerImpl: Adding task set 2.0 with 1 tasks resource profile 0
[2021-08-10 15:48:49,402] {spark_submit_hook.py:479} INFO - 21/08/10 15:48:49 INFO TaskSetManager: Starting task 0.0 in stage 2.0 (TID 2) (172.27.122.8, executor driver, partition 0, PROCESS_LOCAL, 5176 bytes) taskResourceAssignments Map()
[2021-08-10 15:48:49,404] {spark_submit_hook.py:479} INFO - 21/08/10 15:48:49 INFO Executor: Running task 0.0 in stage 2.0 (TID 2)
[2021-08-10 15:48:49,438] {spark_submit_hook.py:479} INFO - 21/08/10 15:48:49 INFO FileOutputCommitter: File Output Committer Algorithm version is 1
[2021-08-10 15:48:49,439] {spark_submit_hook.py:479} INFO - 21/08/10 15:48:49 INFO FileOutputCommitter: FileOutputCommitter skip cleanup _temporary folders under output directory:false, ignore cleanup failures: false
[2021-08-10 15:48:49,439] {spark_submit_hook.py:479} INFO - 21/08/10 15:48:49 INFO SQLHadoopMapReduceCommitProtocol: Using output committer class org.apache.hadoop.mapreduce.lib.output.FileOutputCommitter
[2021-08-10 15:48:49,487] {spark_submit_hook.py:479} INFO - 21/08/10 15:48:49 INFO CodeGenerator: Code generated in 13.1086 ms
[2021-08-10 15:48:49,491] {spark_submit_hook.py:479} INFO - 21/08/10 15:48:49 INFO FileScanRDD: Reading File path: file:///home/ibernardes/datapipeline/datalake/bronze/twitter_aluraonline/extract_date=2021-08-04/AluraOnline_20210804.json, range: 0-6781, partition values: [empty row]
[2021-08-10 15:48:49,513] {spark_submit_hook.py:479} INFO - 21/08/10 15:48:49 INFO CodeGenerator: Code generated in 18.3347 ms
[2021-08-10 15:48:49,523] {spark_submit_hook.py:479} INFO - 21/08/10 15:48:49 INFO CodeGenerator: Code generated in 5.9525 ms
[2021-08-10 15:48:49,538] {spark_submit_hook.py:479} INFO - 21/08/10 15:48:49 INFO FileOutputCommitter: Saved output of task 'attempt_202108101548497723701748062831821_0002_m_000000_2' to file:/home/ibernardes/datapipeline/datalake/silver/twitter_aluraonline/user/process_date=2021-08-04/_temporary/0/task_202108101548497723701748062831821_0002_m_000000
[2021-08-10 15:48:49,538] {spark_submit_hook.py:479} INFO - 21/08/10 15:48:49 INFO SparkHadoopMapRedUtil: attempt_202108101548497723701748062831821_0002_m_000000_2: Committed
[2021-08-10 15:48:49,542] {spark_submit_hook.py:479} INFO - 21/08/10 15:48:49 INFO Executor: Finished task 0.0 in stage 2.0 (TID 2). 2858 bytes result sent to driver
[2021-08-10 15:48:49,544] {spark_submit_hook.py:479} INFO - 21/08/10 15:48:49 INFO TaskSetManager: Finished task 0.0 in stage 2.0 (TID 2) in 143 ms on 172.27.122.8 (executor driver) (1/1)
[2021-08-10 15:48:49,545] {spark_submit_hook.py:479} INFO - 21/08/10 15:48:49 INFO TaskSchedulerImpl: Removed TaskSet 2.0, whose tasks have all completed, from pool
[2021-08-10 15:48:49,546] {spark_submit_hook.py:479} INFO - 21/08/10 15:48:49 INFO DAGScheduler: ResultStage 2 (json at NativeMethodAccessorImpl.java:0) finished in 0.188 s
[2021-08-10 15:48:49,547] {spark_submit_hook.py:479} INFO - 21/08/10 15:48:49 INFO DAGScheduler: Job 2 is finished. Cancelling potential speculative or zombie tasks for this job
[2021-08-10 15:48:49,548] {spark_submit_hook.py:479} INFO - 21/08/10 15:48:49 INFO TaskSchedulerImpl: Killing all running tasks in stage 2: Stage finished
[2021-08-10 15:48:49,548] {spark_submit_hook.py:479} INFO - 21/08/10 15:48:49 INFO DAGScheduler: Job 2 finished: json at NativeMethodAccessorImpl.java:0, took 0.196879 s
[2021-08-10 15:48:49,575] {spark_submit_hook.py:479} INFO - 21/08/10 15:48:49 INFO FileFormatWriter: Write Job ce864d6b-b447-4442-9f17-4c2339ef46d5 committed.
[2021-08-10 15:48:49,575] {spark_submit_hook.py:479} INFO - 21/08/10 15:48:49 INFO FileFormatWriter: Finished processing stats for write job ce864d6b-b447-4442-9f17-4c2339ef46d5.
[2021-08-10 15:48:49,630] {spark_submit_hook.py:479} INFO - 21/08/10 15:48:49 INFO SparkUI: Stopped Spark web UI at http://172.27.122.8:4040
[2021-08-10 15:48:49,652] {spark_submit_hook.py:479} INFO - 21/08/10 15:48:49 INFO MapOutputTrackerMasterEndpoint: MapOutputTrackerMasterEndpoint stopped!
[2021-08-10 15:48:49,666] {spark_submit_hook.py:479} INFO - 21/08/10 15:48:49 INFO MemoryStore: MemoryStore cleared
[2021-08-10 15:48:49,666] {spark_submit_hook.py:479} INFO - 21/08/10 15:48:49 INFO BlockManager: BlockManager stopped
[2021-08-10 15:48:49,679] {spark_submit_hook.py:479} INFO - 21/08/10 15:48:49 INFO BlockManagerMaster: BlockManagerMaster stopped
[2021-08-10 15:48:49,684] {spark_submit_hook.py:479} INFO - 21/08/10 15:48:49 INFO OutputCommitCoordinator$OutputCommitCoordinatorEndpoint: OutputCommitCoordinator stopped!
[2021-08-10 15:48:49,692] {spark_submit_hook.py:479} INFO - 21/08/10 15:48:49 INFO SparkContext: Successfully stopped SparkContext
[2021-08-10 15:48:49,711] {spark_submit_hook.py:479} INFO - 21/08/10 15:48:49 INFO ShutdownHookManager: Shutdown hook called
[2021-08-10 15:48:49,712] {spark_submit_hook.py:479} INFO - 21/08/10 15:48:49 INFO ShutdownHookManager: Deleting directory /tmp/spark-725c5b1b-b54b-439b-b1ae-443a5abbe95f
[2021-08-10 15:48:49,718] {spark_submit_hook.py:479} INFO - 21/08/10 15:48:49 INFO ShutdownHookManager: Deleting directory /tmp/spark-287b89f1-170d-4274-aa5c-4ce2b2682c64/pyspark-97ac74cd-b160-47a7-a110-6a67e16519ee
[2021-08-10 15:48:49,722] {spark_submit_hook.py:479} INFO - 21/08/10 15:48:49 INFO ShutdownHookManager: Deleting directory /tmp/spark-287b89f1-170d-4274-aa5c-4ce2b2682c64
[2021-08-10 15:48:49,794] {taskinstance.py:1070} INFO - Marking task as SUCCESS.dag_id=twitter_dag, task_id=transform_twitter_aluraonline, execution_date=20210804T090000, start_date=20210810T184834, end_date=20210810T184849
[2021-08-10 15:48:54,552] {local_task_job.py:102} INFO - Task exited with return code 0
