[2021-08-10 15:51:02,441] {taskinstance.py:670} INFO - Dependencies all met for <TaskInstance: twitter_dag.twitter_aluraonline 2021-08-06T09:00:00+00:00 [queued]>
[2021-08-10 15:51:02,454] {taskinstance.py:670} INFO - Dependencies all met for <TaskInstance: twitter_dag.twitter_aluraonline 2021-08-06T09:00:00+00:00 [queued]>
[2021-08-10 15:51:02,454] {taskinstance.py:880} INFO - 
--------------------------------------------------------------------------------
[2021-08-10 15:51:02,455] {taskinstance.py:881} INFO - Starting attempt 1 of 1
[2021-08-10 15:51:02,455] {taskinstance.py:882} INFO - 
--------------------------------------------------------------------------------
[2021-08-10 15:51:02,474] {taskinstance.py:901} INFO - Executing <Task(TwitterOperator): twitter_aluraonline> on 2021-08-06T09:00:00+00:00
[2021-08-10 15:51:02,476] {standard_task_runner.py:54} INFO - Started process 14859 to run task
[2021-08-10 15:51:02,625] {standard_task_runner.py:77} INFO - Running: ['airflow', 'run', 'twitter_dag', 'twitter_aluraonline', '2021-08-06T09:00:00+00:00', '--job_id', '20', '--pool', 'default_pool', '--raw', '-sd', 'DAGS_FOLDER/twitter_dag.py', '--cfg_path', '/tmp/tmpu7db8jkn']
[2021-08-10 15:51:02,625] {standard_task_runner.py:78} INFO - Job 20: Subtask twitter_aluraonline
[2021-08-10 15:51:02,674] {logging_mixin.py:112} INFO - Running <TaskInstance: twitter_dag.twitter_aluraonline 2021-08-06T09:00:00+00:00 [running]> on host SAFIRA-097.safira.local
[2021-08-10 15:51:02,748] {base_hook.py:89} INFO - Using connection to: id: twitter_default. Host: https://api.twitter.com, Port: None, Schema: , Login: , Password: None, extra: XXXXXXXX
[2021-08-10 15:51:02,752] {twitter_hook.py:36} INFO - URL: https://api.twitter.com/2/tweets/search/recent?query=AluraOnline&tweet.fields=author_id,conversation_id,created_at,id,in_reply_to_user_id,public_metrics,text&expansions=author_id&user.fields=id,name,username,created_at&start_time=2021-08-06T09:00:00.00Z&end_time=2021-08-07T09:00:00.00Z
[2021-08-10 15:51:03,649] {twitter_hook.py:36} INFO - URL: https://api.twitter.com/2/tweets/search/recent?query=AluraOnline&tweet.fields=author_id,conversation_id,created_at,id,in_reply_to_user_id,public_metrics,text&expansions=author_id&user.fields=id,name,username,created_at&start_time=2021-08-06T09:00:00.00Z&end_time=2021-08-07T09:00:00.00Z&next_token=b26v89c19zqg8o3fpdm7qhmdf0us52wuqg7eactpaxtod
[2021-08-10 15:51:03,918] {twitter_hook.py:36} INFO - URL: https://api.twitter.com/2/tweets/search/recent?query=AluraOnline&tweet.fields=author_id,conversation_id,created_at,id,in_reply_to_user_id,public_metrics,text&expansions=author_id&user.fields=id,name,username,created_at&start_time=2021-08-06T09:00:00.00Z&end_time=2021-08-07T09:00:00.00Z&next_token=b26v89c19zqg8o3fpdm7qhl6aueins1x6u79yp1i0d5dp
[2021-08-10 15:51:04,185] {twitter_hook.py:36} INFO - URL: https://api.twitter.com/2/tweets/search/recent?query=AluraOnline&tweet.fields=author_id,conversation_id,created_at,id,in_reply_to_user_id,public_metrics,text&expansions=author_id&user.fields=id,name,username,created_at&start_time=2021-08-06T09:00:00.00Z&end_time=2021-08-07T09:00:00.00Z&next_token=b26v89c19zqg8o3fpdm7qhkkt0wajgpdlq661ps5pwpdp
[2021-08-10 15:51:04,457] {twitter_hook.py:36} INFO - URL: https://api.twitter.com/2/tweets/search/recent?query=AluraOnline&tweet.fields=author_id,conversation_id,created_at,id,in_reply_to_user_id,public_metrics,text&expansions=author_id&user.fields=id,name,username,created_at&start_time=2021-08-06T09:00:00.00Z&end_time=2021-08-07T09:00:00.00Z&next_token=b26v89c19zqg8o3fpdm7qhjz53mg9ktql0s3jrmwa60sd
[2021-08-10 15:51:04,757] {twitter_hook.py:36} INFO - URL: https://api.twitter.com/2/tweets/search/recent?query=AluraOnline&tweet.fields=author_id,conversation_id,created_at,id,in_reply_to_user_id,public_metrics,text&expansions=author_id&user.fields=id,name,username,created_at&start_time=2021-08-06T09:00:00.00Z&end_time=2021-08-07T09:00:00.00Z&next_token=b26v89c19zqg8o3fpdm7qfhncppqmq0lexdfdn857prwd
[2021-08-10 15:51:05,042] {twitter_hook.py:36} INFO - URL: https://api.twitter.com/2/tweets/search/recent?query=AluraOnline&tweet.fields=author_id,conversation_id,created_at,id,in_reply_to_user_id,public_metrics,text&expansions=author_id&user.fields=id,name,username,created_at&start_time=2021-08-06T09:00:00.00Z&end_time=2021-08-07T09:00:00.00Z&next_token=b26v89c19zqg8o3fpdm7qfhcqc6lx7ya524lpo0171n5p
[2021-08-10 15:51:05,824] {twitter_hook.py:36} INFO - URL: https://api.twitter.com/2/tweets/search/recent?query=AluraOnline&tweet.fields=author_id,conversation_id,created_at,id,in_reply_to_user_id,public_metrics,text&expansions=author_id&user.fields=id,name,username,created_at&start_time=2021-08-06T09:00:00.00Z&end_time=2021-08-07T09:00:00.00Z&next_token=b26v89c19zqg8o3fpdm7qfhch9y58y75av2rgtc8ezhbx
[2021-08-10 15:51:06,193] {twitter_hook.py:36} INFO - URL: https://api.twitter.com/2/tweets/search/recent?query=AluraOnline&tweet.fields=author_id,conversation_id,created_at,id,in_reply_to_user_id,public_metrics,text&expansions=author_id&user.fields=id,name,username,created_at&start_time=2021-08-06T09:00:00.00Z&end_time=2021-08-07T09:00:00.00Z&next_token=b26v89c19zqg8o3fpdm7qfgg8j1us870g3vzc0ywsfe65
[2021-08-10 15:51:06,435] {taskinstance.py:1070} INFO - Marking task as SUCCESS.dag_id=twitter_dag, task_id=twitter_aluraonline, execution_date=20210806T090000, start_date=20210810T185102, end_date=20210810T185106
[2021-08-10 15:51:07,417] {local_task_job.py:102} INFO - Task exited with return code 0
