[2021-08-09 07:55:09,676] {taskinstance.py:670} INFO - Dependencies all met for <TaskInstance: example_python_operator.print_the_context 2021-08-09T10:54:38.495345+00:00 [queued]>
[2021-08-09 07:55:09,688] {taskinstance.py:670} INFO - Dependencies all met for <TaskInstance: example_python_operator.print_the_context 2021-08-09T10:54:38.495345+00:00 [queued]>
[2021-08-09 07:55:09,688] {taskinstance.py:880} INFO - 
--------------------------------------------------------------------------------
[2021-08-09 07:55:09,688] {taskinstance.py:881} INFO - Starting attempt 1 of 1
[2021-08-09 07:55:09,688] {taskinstance.py:882} INFO - 
--------------------------------------------------------------------------------
[2021-08-09 07:55:09,708] {taskinstance.py:901} INFO - Executing <Task(PythonOperator): print_the_context> on 2021-08-09T10:54:38.495345+00:00
[2021-08-09 07:55:09,709] {standard_task_runner.py:54} INFO - Started process 2354 to run task
[2021-08-09 07:55:09,848] {standard_task_runner.py:77} INFO - Running: ['airflow', 'run', 'example_python_operator', 'print_the_context', '2021-08-09T10:54:38.495345+00:00', '--job_id', '2', '--pool', 'default_pool', '--raw', '-sd', '/home/ibernardes/datapipeline/.env/lib/python3.7/site-packages/airflow/example_dags/example_python_operator.py', '--cfg_path', '/tmp/tmpthyn747r']
[2021-08-09 07:55:09,849] {standard_task_runner.py:78} INFO - Job 2: Subtask print_the_context
[2021-08-09 07:55:09,881] {logging_mixin.py:112} INFO - Running <TaskInstance: example_python_operator.print_the_context 2021-08-09T10:54:38.495345+00:00 [running]> on host SAFIRA-097.safira.local
[2021-08-09 07:55:09,907] {logging_mixin.py:112} INFO - {'END_DATE': '2021-08-09',
 'conf': <airflow.configuration.AirflowConfigParser object at 0x7fa845b84890>,
 'dag': <DAG: example_python_operator>,
 'dag_run': <DagRun example_python_operator @ 2021-08-09 10:54:38.495345+00:00: manual__2021-08-09T10:54:38.495345+00:00, externally triggered: True>,
 'ds_nodash': '20210809',
 'end_date': '2021-08-09',
 'execution_date': <Pendulum [2021-08-09T10:54:38.495345+00:00]>,
 'inlets': [],
 'latest_date': '2021-08-09',
 'macros': <module 'airflow.macros' from '/home/ibernardes/datapipeline/.env/lib/python3.7/site-packages/airflow/macros/__init__.py'>,
 'next_ds': '2021-08-09',
 'next_ds_nodash': '20210809',
 'next_execution_date': <Pendulum [2021-08-09T10:54:38.495345+00:00]>,
 'outlets': [],
 'params': {},
 'prev_ds': '2021-08-09',
 'prev_ds_nodash': '20210809',
 'prev_execution_date': <Pendulum [2021-08-09T10:54:38.495345+00:00]>,
 'prev_execution_date_success': <Proxy at 0x7fa83e26ab40 with factory <function TaskInstance.get_template_context.<locals>.<lambda> at 0x7fa83e2635f0>>,
 'prev_start_date_success': <Proxy at 0x7fa83e26a230 with factory <function TaskInstance.get_template_context.<locals>.<lambda> at 0x7fa83e271ef0>>,
 'run_id': 'manual__2021-08-09T10:54:38.495345+00:00',
 'tables': None,
 'task': <Task(PythonOperator): print_the_context>,
 'task_instance': <TaskInstance: example_python_operator.print_the_context 2021-08-09T10:54:38.495345+00:00 [running]>,
 'task_instance_key_str': 'example_python_operator__print_the_context__20210809',
 'templates_dict': None,
 'test_mode': False,
 'ti': <TaskInstance: example_python_operator.print_the_context 2021-08-09T10:54:38.495345+00:00 [running]>,
 'tomorrow_ds': '2021-08-10',
 'tomorrow_ds_nodash': '20210810',
 'ts': '2021-08-09T10:54:38.495345+00:00',
 'ts_nodash': '20210809T105438',
 'ts_nodash_with_tz': '20210809T105438.495345+0000',
 'var': {'json': None, 'value': None},
 'yesterday_ds': '2021-08-08',
 'yesterday_ds_nodash': '20210808'}
[2021-08-09 07:55:09,908] {logging_mixin.py:112} INFO - 2021-08-09
[2021-08-09 07:55:09,908] {python_operator.py:114} INFO - Done. Returned value was: Whatever you return gets printed in the logs
[2021-08-09 07:55:09,937] {taskinstance.py:1070} INFO - Marking task as SUCCESS.dag_id=example_python_operator, task_id=print_the_context, execution_date=20210809T105438, start_date=20210809T105509, end_date=20210809T105509
[2021-08-09 07:55:14,644] {local_task_job.py:102} INFO - Task exited with return code 0
