[2021-08-10 16:04:03,374] {taskinstance.py:670} INFO - Dependencies all met for <TaskInstance: twitter_dag.transform_twitter_aluraonline 2021-08-08T09:00:00+00:00 [queued]>
[2021-08-10 16:04:03,386] {taskinstance.py:670} INFO - Dependencies all met for <TaskInstance: twitter_dag.transform_twitter_aluraonline 2021-08-08T09:00:00+00:00 [queued]>
[2021-08-10 16:04:03,386] {taskinstance.py:880} INFO - 
--------------------------------------------------------------------------------
[2021-08-10 16:04:03,386] {taskinstance.py:881} INFO - Starting attempt 1 of 1
[2021-08-10 16:04:03,386] {taskinstance.py:882} INFO - 
--------------------------------------------------------------------------------
[2021-08-10 16:04:03,406] {taskinstance.py:901} INFO - Executing <Task(SparkSubmitOperator): transform_twitter_aluraonline> on 2021-08-08T09:00:00+00:00
[2021-08-10 16:04:03,408] {standard_task_runner.py:54} INFO - Started process 18266 to run task
[2021-08-10 16:04:03,518] {standard_task_runner.py:77} INFO - Running: ['airflow', 'run', 'twitter_dag', 'transform_twitter_aluraonline', '2021-08-08T09:00:00+00:00', '--job_id', '25', '--pool', 'default_pool', '--raw', '-sd', 'DAGS_FOLDER/twitter_dag.py', '--cfg_path', '/tmp/tmpvl5v8c84']
[2021-08-10 16:04:03,518] {standard_task_runner.py:78} INFO - Job 25: Subtask transform_twitter_aluraonline
[2021-08-10 16:04:03,549] {logging_mixin.py:112} INFO - Running <TaskInstance: twitter_dag.transform_twitter_aluraonline 2021-08-08T09:00:00+00:00 [running]> on host SAFIRA-097.safira.local
[2021-08-10 16:04:03,591] {base_hook.py:89} INFO - Using connection to: id: spark_default. Host: local, Port: None, Schema: , Login: , Password: None, extra: XXXXXXXX
[2021-08-10 16:04:03,593] {spark_submit_hook.py:325} INFO - Spark-Submit cmd: /home/ibernardes/datapipeline/spark-3.1.2-bin-hadoop3.2/bin/spark-submit --master local --name twitter_transformation /home/ibernardes/datapipeline/spark/transformation.py --src /home/ibernardes/datapipeline/datalake/bronze/twitter_aluraonline/extract_date=2021-08-08 --dest /home/ibernardes/datapipeline/datalake/silver/twitter_aluraonline/ --process-date 2021-08-08
[2021-08-10 16:04:04,619] {spark_submit_hook.py:479} INFO - 21/08/10 16:04:04 WARN Utils: Your hostname, SAFIRA-097 resolves to a loopback address: 127.0.1.1; using 172.27.122.8 instead (on interface eth0)
[2021-08-10 16:04:04,619] {spark_submit_hook.py:479} INFO - 21/08/10 16:04:04 WARN Utils: Set SPARK_LOCAL_IP if you need to bind to another address
[2021-08-10 16:04:06,107] {spark_submit_hook.py:479} INFO - 21/08/10 16:04:06 WARN NativeCodeLoader: Unable to load native-hadoop library for your platform... using builtin-java classes where applicable
[2021-08-10 16:04:06,827] {spark_submit_hook.py:479} INFO - 21/08/10 16:04:06 INFO SparkContext: Running Spark version 3.1.2
[2021-08-10 16:04:06,876] {spark_submit_hook.py:479} INFO - 21/08/10 16:04:06 INFO ResourceUtils: ==============================================================
[2021-08-10 16:04:06,876] {spark_submit_hook.py:479} INFO - 21/08/10 16:04:06 INFO ResourceUtils: No custom resources configured for spark.driver.
[2021-08-10 16:04:06,876] {spark_submit_hook.py:479} INFO - 21/08/10 16:04:06 INFO ResourceUtils: ==============================================================
[2021-08-10 16:04:06,877] {spark_submit_hook.py:479} INFO - 21/08/10 16:04:06 INFO SparkContext: Submitted application: twitter_transformation
[2021-08-10 16:04:06,903] {spark_submit_hook.py:479} INFO - 21/08/10 16:04:06 INFO ResourceProfile: Default ResourceProfile created, executor resources: Map(cores -> name: cores, amount: 1, script: , vendor: , memory -> name: memory, amount: 1024, script: , vendor: , offHeap -> name: offHeap, amount: 0, script: , vendor: ), task resources: Map(cpus -> name: cpus, amount: 1.0)
[2021-08-10 16:04:06,919] {spark_submit_hook.py:479} INFO - 21/08/10 16:04:06 INFO ResourceProfile: Limiting resource is cpu
[2021-08-10 16:04:06,920] {spark_submit_hook.py:479} INFO - 21/08/10 16:04:06 INFO ResourceProfileManager: Added ResourceProfile id: 0
[2021-08-10 16:04:06,972] {spark_submit_hook.py:479} INFO - 21/08/10 16:04:06 INFO SecurityManager: Changing view acls to: ibernardes
[2021-08-10 16:04:06,972] {spark_submit_hook.py:479} INFO - 21/08/10 16:04:06 INFO SecurityManager: Changing modify acls to: ibernardes
[2021-08-10 16:04:06,972] {spark_submit_hook.py:479} INFO - 21/08/10 16:04:06 INFO SecurityManager: Changing view acls groups to:
[2021-08-10 16:04:06,972] {spark_submit_hook.py:479} INFO - 21/08/10 16:04:06 INFO SecurityManager: Changing modify acls groups to:
[2021-08-10 16:04:06,972] {spark_submit_hook.py:479} INFO - 21/08/10 16:04:06 INFO SecurityManager: SecurityManager: authentication disabled; ui acls disabled; users  with view permissions: Set(ibernardes); groups with view permissions: Set(); users  with modify permissions: Set(ibernardes); groups with modify permissions: Set()
[2021-08-10 16:04:07,160] {spark_submit_hook.py:479} INFO - 21/08/10 16:04:07 INFO Utils: Successfully started service 'sparkDriver' on port 33765.
[2021-08-10 16:04:07,189] {spark_submit_hook.py:479} INFO - 21/08/10 16:04:07 INFO SparkEnv: Registering MapOutputTracker
[2021-08-10 16:04:07,221] {spark_submit_hook.py:479} INFO - 21/08/10 16:04:07 INFO SparkEnv: Registering BlockManagerMaster
[2021-08-10 16:04:07,240] {spark_submit_hook.py:479} INFO - 21/08/10 16:04:07 INFO BlockManagerMasterEndpoint: Using org.apache.spark.storage.DefaultTopologyMapper for getting topology information
[2021-08-10 16:04:07,241] {spark_submit_hook.py:479} INFO - 21/08/10 16:04:07 INFO BlockManagerMasterEndpoint: BlockManagerMasterEndpoint up
[2021-08-10 16:04:07,245] {spark_submit_hook.py:479} INFO - 21/08/10 16:04:07 INFO SparkEnv: Registering BlockManagerMasterHeartbeat
[2021-08-10 16:04:07,258] {spark_submit_hook.py:479} INFO - 21/08/10 16:04:07 INFO DiskBlockManager: Created local directory at /tmp/blockmgr-e4f86fdf-5745-4776-a025-db1e48ba33ba
[2021-08-10 16:04:07,279] {spark_submit_hook.py:479} INFO - 21/08/10 16:04:07 INFO MemoryStore: MemoryStore started with capacity 366.3 MiB
[2021-08-10 16:04:07,302] {spark_submit_hook.py:479} INFO - 21/08/10 16:04:07 INFO SparkEnv: Registering OutputCommitCoordinator
[2021-08-10 16:04:07,544] {spark_submit_hook.py:479} INFO - 21/08/10 16:04:07 INFO Utils: Successfully started service 'SparkUI' on port 4040.
[2021-08-10 16:04:07,604] {spark_submit_hook.py:479} INFO - 21/08/10 16:04:07 INFO SparkUI: Bound SparkUI to 0.0.0.0, and started at http://172.27.122.8:4040
[2021-08-10 16:04:07,840] {spark_submit_hook.py:479} INFO - 21/08/10 16:04:07 INFO Executor: Starting executor ID driver on host 172.27.122.8
[2021-08-10 16:04:07,871] {spark_submit_hook.py:479} INFO - 21/08/10 16:04:07 INFO Utils: Successfully started service 'org.apache.spark.network.netty.NettyBlockTransferService' on port 37499.
[2021-08-10 16:04:07,872] {spark_submit_hook.py:479} INFO - 21/08/10 16:04:07 INFO NettyBlockTransferService: Server created on 172.27.122.8:37499
[2021-08-10 16:04:07,873] {spark_submit_hook.py:479} INFO - 21/08/10 16:04:07 INFO BlockManager: Using org.apache.spark.storage.RandomBlockReplicationPolicy for block replication policy
[2021-08-10 16:04:07,881] {spark_submit_hook.py:479} INFO - 21/08/10 16:04:07 INFO BlockManagerMaster: Registering BlockManager BlockManagerId(driver, 172.27.122.8, 37499, None)
[2021-08-10 16:04:07,885] {spark_submit_hook.py:479} INFO - 21/08/10 16:04:07 INFO BlockManagerMasterEndpoint: Registering block manager 172.27.122.8:37499 with 366.3 MiB RAM, BlockManagerId(driver, 172.27.122.8, 37499, None)
[2021-08-10 16:04:07,887] {spark_submit_hook.py:479} INFO - 21/08/10 16:04:07 INFO BlockManagerMaster: Registered BlockManager BlockManagerId(driver, 172.27.122.8, 37499, None)
[2021-08-10 16:04:07,888] {spark_submit_hook.py:479} INFO - 21/08/10 16:04:07 INFO BlockManager: Initialized BlockManager: BlockManagerId(driver, 172.27.122.8, 37499, None)
[2021-08-10 16:04:08,530] {spark_submit_hook.py:479} INFO - 21/08/10 16:04:08 INFO SharedState: Setting hive.metastore.warehouse.dir ('null') to the value of spark.sql.warehouse.dir ('file:/home/ibernardes/datapipeline/spark-warehouse').
[2021-08-10 16:04:08,532] {spark_submit_hook.py:479} INFO - 21/08/10 16:04:08 INFO SharedState: Warehouse path is 'file:/home/ibernardes/datapipeline/spark-warehouse'.
[2021-08-10 16:04:09,589] {spark_submit_hook.py:479} INFO - 21/08/10 16:04:09 INFO InMemoryFileIndex: It took 37 ms to list leaf files for 1 paths.
[2021-08-10 16:04:09,653] {spark_submit_hook.py:479} INFO - 21/08/10 16:04:09 INFO InMemoryFileIndex: It took 1 ms to list leaf files for 1 paths.
[2021-08-10 16:04:11,967] {spark_submit_hook.py:479} INFO - 21/08/10 16:04:11 INFO FileSourceStrategy: Pushed Filters:
[2021-08-10 16:04:11,969] {spark_submit_hook.py:479} INFO - 21/08/10 16:04:11 INFO FileSourceStrategy: Post-Scan Filters:
[2021-08-10 16:04:11,974] {spark_submit_hook.py:479} INFO - 21/08/10 16:04:11 INFO FileSourceStrategy: Output Data Schema: struct<value: string>
[2021-08-10 16:04:12,363] {spark_submit_hook.py:479} INFO - 21/08/10 16:04:12 INFO MemoryStore: Block broadcast_0 stored as values in memory (estimated size 303.1 KiB, free 366.0 MiB)
[2021-08-10 16:04:12,435] {spark_submit_hook.py:479} INFO - 21/08/10 16:04:12 INFO MemoryStore: Block broadcast_0_piece0 stored as bytes in memory (estimated size 27.4 KiB, free 366.0 MiB)
[2021-08-10 16:04:12,441] {spark_submit_hook.py:479} INFO - 21/08/10 16:04:12 INFO BlockManagerInfo: Added broadcast_0_piece0 in memory on 172.27.122.8:37499 (size: 27.4 KiB, free: 366.3 MiB)
[2021-08-10 16:04:12,450] {spark_submit_hook.py:479} INFO - 21/08/10 16:04:12 INFO SparkContext: Created broadcast 0 from json at NativeMethodAccessorImpl.java:0
[2021-08-10 16:04:12,461] {spark_submit_hook.py:479} INFO - 21/08/10 16:04:12 INFO FileSourceScanExec: Planning scan with bin packing, max size: 4196231 bytes, open cost is considered as scanning 4194304 bytes.
[2021-08-10 16:04:12,660] {spark_submit_hook.py:479} INFO - 21/08/10 16:04:12 INFO SparkContext: Starting job: json at NativeMethodAccessorImpl.java:0
[2021-08-10 16:04:12,681] {spark_submit_hook.py:479} INFO - 21/08/10 16:04:12 INFO DAGScheduler: Got job 0 (json at NativeMethodAccessorImpl.java:0) with 1 output partitions
[2021-08-10 16:04:12,681] {spark_submit_hook.py:479} INFO - 21/08/10 16:04:12 INFO DAGScheduler: Final stage: ResultStage 0 (json at NativeMethodAccessorImpl.java:0)
[2021-08-10 16:04:12,681] {spark_submit_hook.py:479} INFO - 21/08/10 16:04:12 INFO DAGScheduler: Parents of final stage: List()
[2021-08-10 16:04:12,683] {spark_submit_hook.py:479} INFO - 21/08/10 16:04:12 INFO DAGScheduler: Missing parents: List()
[2021-08-10 16:04:12,689] {spark_submit_hook.py:479} INFO - 21/08/10 16:04:12 INFO DAGScheduler: Submitting ResultStage 0 (MapPartitionsRDD[3] at json at NativeMethodAccessorImpl.java:0), which has no missing parents
[2021-08-10 16:04:12,790] {spark_submit_hook.py:479} INFO - 21/08/10 16:04:12 INFO MemoryStore: Block broadcast_1 stored as values in memory (estimated size 12.1 KiB, free 366.0 MiB)
[2021-08-10 16:04:12,793] {spark_submit_hook.py:479} INFO - 21/08/10 16:04:12 INFO MemoryStore: Block broadcast_1_piece0 stored as bytes in memory (estimated size 6.3 KiB, free 366.0 MiB)
[2021-08-10 16:04:12,794] {spark_submit_hook.py:479} INFO - 21/08/10 16:04:12 INFO BlockManagerInfo: Added broadcast_1_piece0 in memory on 172.27.122.8:37499 (size: 6.3 KiB, free: 366.3 MiB)
[2021-08-10 16:04:12,795] {spark_submit_hook.py:479} INFO - 21/08/10 16:04:12 INFO SparkContext: Created broadcast 1 from broadcast at DAGScheduler.scala:1388
[2021-08-10 16:04:12,808] {spark_submit_hook.py:479} INFO - 21/08/10 16:04:12 INFO DAGScheduler: Submitting 1 missing tasks from ResultStage 0 (MapPartitionsRDD[3] at json at NativeMethodAccessorImpl.java:0) (first 15 tasks are for partitions Vector(0))
[2021-08-10 16:04:12,810] {spark_submit_hook.py:479} INFO - 21/08/10 16:04:12 INFO TaskSchedulerImpl: Adding task set 0.0 with 1 tasks resource profile 0
[2021-08-10 16:04:12,868] {spark_submit_hook.py:479} INFO - 21/08/10 16:04:12 INFO TaskSetManager: Starting task 0.0 in stage 0.0 (TID 0) (172.27.122.8, executor driver, partition 0, PROCESS_LOCAL, 4947 bytes) taskResourceAssignments Map()
[2021-08-10 16:04:12,887] {spark_submit_hook.py:479} INFO - 21/08/10 16:04:12 INFO Executor: Running task 0.0 in stage 0.0 (TID 0)
[2021-08-10 16:04:13,261] {spark_submit_hook.py:479} INFO - 21/08/10 16:04:13 INFO FileScanRDD: Reading File path: file:///home/ibernardes/datapipeline/datalake/bronze/twitter_aluraonline/extract_date=2021-08-08/AluraOnline_20210808.json, range: 0-1927, partition values: [empty row]
[2021-08-10 16:04:13,744] {spark_submit_hook.py:479} INFO - 21/08/10 16:04:13 INFO CodeGenerator: Code generated in 301.3517 ms
[2021-08-10 16:04:13,826] {spark_submit_hook.py:479} INFO - 21/08/10 16:04:13 INFO Executor: Finished task 0.0 in stage 0.0 (TID 0). 2785 bytes result sent to driver
[2021-08-10 16:04:13,851] {spark_submit_hook.py:479} INFO - 21/08/10 16:04:13 INFO TaskSetManager: Finished task 0.0 in stage 0.0 (TID 0) in 989 ms on 172.27.122.8 (executor driver) (1/1)
[2021-08-10 16:04:13,858] {spark_submit_hook.py:479} INFO - 21/08/10 16:04:13 INFO TaskSchedulerImpl: Removed TaskSet 0.0, whose tasks have all completed, from pool
[2021-08-10 16:04:13,872] {spark_submit_hook.py:479} INFO - 21/08/10 16:04:13 INFO DAGScheduler: ResultStage 0 (json at NativeMethodAccessorImpl.java:0) finished in 1.163 s
[2021-08-10 16:04:13,883] {spark_submit_hook.py:479} INFO - 21/08/10 16:04:13 INFO DAGScheduler: Job 0 is finished. Cancelling potential speculative or zombie tasks for this job
[2021-08-10 16:04:13,884] {spark_submit_hook.py:479} INFO - 21/08/10 16:04:13 INFO TaskSchedulerImpl: Killing all running tasks in stage 0: Stage finished
[2021-08-10 16:04:14,053] {spark_submit_hook.py:479} INFO - 21/08/10 16:04:14 INFO DAGScheduler: Job 0 finished: json at NativeMethodAccessorImpl.java:0, took 1.390980 s
[2021-08-10 16:04:15,085] {spark_submit_hook.py:479} INFO - 21/08/10 16:04:15 INFO FileSourceStrategy: Pushed Filters: IsNotNull(data)
[2021-08-10 16:04:15,090] {spark_submit_hook.py:479} INFO - 21/08/10 16:04:15 INFO FileSourceStrategy: Post-Scan Filters: (size(data#7, true) > 0),isnotnull(data#7)
[2021-08-10 16:04:15,094] {spark_submit_hook.py:479} INFO - 21/08/10 16:04:15 INFO FileSourceStrategy: Output Data Schema: struct<data: array<struct<author_id:string,conversation_id:string,created_at:string,id:string,in_reply_to_user_id:string,public_metrics:struct<like_count:bigint,quote_count:bigint,reply_count:bigint,retweet_count:bigint>,text:string>>>
[2021-08-10 16:04:15,246] {spark_submit_hook.py:479} INFO - 21/08/10 16:04:15 INFO FileOutputCommitter: File Output Committer Algorithm version is 1
[2021-08-10 16:04:15,246] {spark_submit_hook.py:479} INFO - 21/08/10 16:04:15 INFO FileOutputCommitter: FileOutputCommitter skip cleanup _temporary folders under output directory:false, ignore cleanup failures: false
[2021-08-10 16:04:15,248] {spark_submit_hook.py:479} INFO - 21/08/10 16:04:15 INFO SQLHadoopMapReduceCommitProtocol: Using output committer class org.apache.hadoop.mapreduce.lib.output.FileOutputCommitter
[2021-08-10 16:04:15,413] {spark_submit_hook.py:479} INFO - 21/08/10 16:04:15 INFO CodeGenerator: Code generated in 53.0584 ms
[2021-08-10 16:04:15,491] {spark_submit_hook.py:479} INFO - 21/08/10 16:04:15 INFO CodeGenerator: Code generated in 49.554 ms
[2021-08-10 16:04:15,502] {spark_submit_hook.py:479} INFO - 21/08/10 16:04:15 INFO MemoryStore: Block broadcast_2 stored as values in memory (estimated size 303.0 KiB, free 365.7 MiB)
[2021-08-10 16:04:15,518] {spark_submit_hook.py:479} INFO - 21/08/10 16:04:15 INFO MemoryStore: Block broadcast_2_piece0 stored as bytes in memory (estimated size 27.5 KiB, free 365.6 MiB)
[2021-08-10 16:04:15,521] {spark_submit_hook.py:479} INFO - 21/08/10 16:04:15 INFO BlockManagerInfo: Added broadcast_2_piece0 in memory on 172.27.122.8:37499 (size: 27.5 KiB, free: 366.2 MiB)
[2021-08-10 16:04:15,524] {spark_submit_hook.py:479} INFO - 21/08/10 16:04:15 INFO SparkContext: Created broadcast 2 from json at NativeMethodAccessorImpl.java:0
[2021-08-10 16:04:15,529] {spark_submit_hook.py:479} INFO - 21/08/10 16:04:15 INFO FileSourceScanExec: Planning scan with bin packing, max size: 4196231 bytes, open cost is considered as scanning 4194304 bytes.
[2021-08-10 16:04:15,662] {spark_submit_hook.py:479} INFO - 21/08/10 16:04:15 INFO SparkContext: Starting job: json at NativeMethodAccessorImpl.java:0
[2021-08-10 16:04:15,665] {spark_submit_hook.py:479} INFO - 21/08/10 16:04:15 INFO DAGScheduler: Got job 1 (json at NativeMethodAccessorImpl.java:0) with 1 output partitions
[2021-08-10 16:04:15,665] {spark_submit_hook.py:479} INFO - 21/08/10 16:04:15 INFO DAGScheduler: Final stage: ResultStage 1 (json at NativeMethodAccessorImpl.java:0)
[2021-08-10 16:04:15,665] {spark_submit_hook.py:479} INFO - 21/08/10 16:04:15 INFO DAGScheduler: Parents of final stage: List()
[2021-08-10 16:04:15,666] {spark_submit_hook.py:479} INFO - 21/08/10 16:04:15 INFO DAGScheduler: Missing parents: List()
[2021-08-10 16:04:15,668] {spark_submit_hook.py:479} INFO - 21/08/10 16:04:15 INFO DAGScheduler: Submitting ResultStage 1 (CoalescedRDD[13] at json at NativeMethodAccessorImpl.java:0), which has no missing parents
[2021-08-10 16:04:15,749] {spark_submit_hook.py:479} INFO - 21/08/10 16:04:15 INFO MemoryStore: Block broadcast_3 stored as values in memory (estimated size 188.8 KiB, free 365.5 MiB)
[2021-08-10 16:04:15,753] {spark_submit_hook.py:479} INFO - 21/08/10 16:04:15 INFO MemoryStore: Block broadcast_3_piece0 stored as bytes in memory (estimated size 66.3 KiB, free 365.4 MiB)
[2021-08-10 16:04:15,756] {spark_submit_hook.py:479} INFO - 21/08/10 16:04:15 INFO BlockManagerInfo: Added broadcast_3_piece0 in memory on 172.27.122.8:37499 (size: 66.3 KiB, free: 366.2 MiB)
[2021-08-10 16:04:15,761] {spark_submit_hook.py:479} INFO - 21/08/10 16:04:15 INFO SparkContext: Created broadcast 3 from broadcast at DAGScheduler.scala:1388
[2021-08-10 16:04:15,762] {spark_submit_hook.py:479} INFO - 21/08/10 16:04:15 INFO DAGScheduler: Submitting 1 missing tasks from ResultStage 1 (CoalescedRDD[13] at json at NativeMethodAccessorImpl.java:0) (first 15 tasks are for partitions Vector(0))
[2021-08-10 16:04:15,762] {spark_submit_hook.py:479} INFO - 21/08/10 16:04:15 INFO TaskSchedulerImpl: Adding task set 1.0 with 1 tasks resource profile 0
[2021-08-10 16:04:15,769] {spark_submit_hook.py:479} INFO - 21/08/10 16:04:15 INFO TaskSetManager: Starting task 0.0 in stage 1.0 (TID 1) (172.27.122.8, executor driver, partition 0, PROCESS_LOCAL, 5176 bytes) taskResourceAssignments Map()
[2021-08-10 16:04:15,772] {spark_submit_hook.py:479} INFO - 21/08/10 16:04:15 INFO Executor: Running task 0.0 in stage 1.0 (TID 1)
[2021-08-10 16:04:15,893] {spark_submit_hook.py:479} INFO - 21/08/10 16:04:15 INFO FileOutputCommitter: File Output Committer Algorithm version is 1
[2021-08-10 16:04:15,893] {spark_submit_hook.py:479} INFO - 21/08/10 16:04:15 INFO FileOutputCommitter: FileOutputCommitter skip cleanup _temporary folders under output directory:false, ignore cleanup failures: false
[2021-08-10 16:04:15,895] {spark_submit_hook.py:479} INFO - 21/08/10 16:04:15 INFO SQLHadoopMapReduceCommitProtocol: Using output committer class org.apache.hadoop.mapreduce.lib.output.FileOutputCommitter
[2021-08-10 16:04:16,050] {spark_submit_hook.py:479} INFO - 21/08/10 16:04:16 INFO CodeGenerator: Code generated in 66.1837 ms
[2021-08-10 16:04:16,064] {spark_submit_hook.py:479} INFO - 21/08/10 16:04:16 INFO FileScanRDD: Reading File path: file:///home/ibernardes/datapipeline/datalake/bronze/twitter_aluraonline/extract_date=2021-08-08/AluraOnline_20210808.json, range: 0-1927, partition values: [empty row]
[2021-08-10 16:04:16,145] {spark_submit_hook.py:479} INFO - 21/08/10 16:04:16 INFO CodeGenerator: Code generated in 75.3877 ms
[2021-08-10 16:04:16,236] {spark_submit_hook.py:479} INFO - 21/08/10 16:04:16 INFO CodeGenerator: Code generated in 20.6987 ms
[2021-08-10 16:04:16,367] {spark_submit_hook.py:479} INFO - 21/08/10 16:04:16 INFO FileOutputCommitter: Saved output of task 'attempt_202108101604153612219595912302355_0001_m_000000_1' to file:/home/ibernardes/datapipeline/datalake/silver/twitter_aluraonline/tweet/process_date=2021-08-08/_temporary/0/task_202108101604153612219595912302355_0001_m_000000
[2021-08-10 16:04:16,370] {spark_submit_hook.py:479} INFO - 21/08/10 16:04:16 INFO SparkHadoopMapRedUtil: attempt_202108101604153612219595912302355_0001_m_000000_1: Committed
[2021-08-10 16:04:16,391] {spark_submit_hook.py:479} INFO - 21/08/10 16:04:16 INFO Executor: Finished task 0.0 in stage 1.0 (TID 1). 2901 bytes result sent to driver
[2021-08-10 16:04:16,397] {spark_submit_hook.py:479} INFO - 21/08/10 16:04:16 INFO TaskSetManager: Finished task 0.0 in stage 1.0 (TID 1) in 632 ms on 172.27.122.8 (executor driver) (1/1)
[2021-08-10 16:04:16,397] {spark_submit_hook.py:479} INFO - 21/08/10 16:04:16 INFO TaskSchedulerImpl: Removed TaskSet 1.0, whose tasks have all completed, from pool
[2021-08-10 16:04:16,399] {spark_submit_hook.py:479} INFO - 21/08/10 16:04:16 INFO DAGScheduler: ResultStage 1 (json at NativeMethodAccessorImpl.java:0) finished in 0.727 s
[2021-08-10 16:04:16,399] {spark_submit_hook.py:479} INFO - 21/08/10 16:04:16 INFO DAGScheduler: Job 1 is finished. Cancelling potential speculative or zombie tasks for this job
[2021-08-10 16:04:16,399] {spark_submit_hook.py:479} INFO - 21/08/10 16:04:16 INFO TaskSchedulerImpl: Killing all running tasks in stage 1: Stage finished
[2021-08-10 16:04:16,402] {spark_submit_hook.py:479} INFO - 21/08/10 16:04:16 INFO DAGScheduler: Job 1 finished: json at NativeMethodAccessorImpl.java:0, took 0.739063 s
[2021-08-10 16:04:16,478] {spark_submit_hook.py:479} INFO - 21/08/10 16:04:16 INFO FileFormatWriter: Write Job 9ee35200-695d-449d-ab32-b8c5f0ce99c6 committed.
[2021-08-10 16:04:16,486] {spark_submit_hook.py:479} INFO - 21/08/10 16:04:16 INFO FileFormatWriter: Finished processing stats for write job 9ee35200-695d-449d-ab32-b8c5f0ce99c6.
[2021-08-10 16:04:16,717] {spark_submit_hook.py:479} INFO - 21/08/10 16:04:16 INFO FileSourceStrategy: Pushed Filters: IsNotNull(includes)
[2021-08-10 16:04:16,719] {spark_submit_hook.py:479} INFO - 21/08/10 16:04:16 INFO FileSourceStrategy: Post-Scan Filters: isnotnull(includes#8),(size(includes#8.users, true) > 0),isnotnull(includes#8.users)
[2021-08-10 16:04:16,720] {spark_submit_hook.py:479} INFO - 21/08/10 16:04:16 INFO FileSourceStrategy: Output Data Schema: struct<includes: struct<users: array<struct<created_at:string,id:string,name:string,username:string>>>>
[2021-08-10 16:04:16,757] {spark_submit_hook.py:479} INFO - 21/08/10 16:04:16 INFO FileOutputCommitter: File Output Committer Algorithm version is 1
[2021-08-10 16:04:16,758] {spark_submit_hook.py:479} INFO - 21/08/10 16:04:16 INFO FileOutputCommitter: FileOutputCommitter skip cleanup _temporary folders under output directory:false, ignore cleanup failures: false
[2021-08-10 16:04:16,759] {spark_submit_hook.py:479} INFO - 21/08/10 16:04:16 INFO SQLHadoopMapReduceCommitProtocol: Using output committer class org.apache.hadoop.mapreduce.lib.output.FileOutputCommitter
[2021-08-10 16:04:16,840] {spark_submit_hook.py:479} INFO - 21/08/10 16:04:16 INFO CodeGenerator: Code generated in 36.0054 ms
[2021-08-10 16:04:16,915] {spark_submit_hook.py:479} INFO - 21/08/10 16:04:16 INFO CodeGenerator: Code generated in 57.7719 ms
[2021-08-10 16:04:16,927] {spark_submit_hook.py:479} INFO - 21/08/10 16:04:16 INFO MemoryStore: Block broadcast_4 stored as values in memory (estimated size 303.0 KiB, free 365.1 MiB)
[2021-08-10 16:04:16,943] {spark_submit_hook.py:479} INFO - 21/08/10 16:04:16 INFO MemoryStore: Block broadcast_4_piece0 stored as bytes in memory (estimated size 27.5 KiB, free 365.1 MiB)
[2021-08-10 16:04:16,946] {spark_submit_hook.py:479} INFO - 21/08/10 16:04:16 INFO BlockManagerInfo: Added broadcast_4_piece0 in memory on 172.27.122.8:37499 (size: 27.5 KiB, free: 366.1 MiB)
[2021-08-10 16:04:16,949] {spark_submit_hook.py:479} INFO - 21/08/10 16:04:16 INFO SparkContext: Created broadcast 4 from json at NativeMethodAccessorImpl.java:0
[2021-08-10 16:04:16,952] {spark_submit_hook.py:479} INFO - 21/08/10 16:04:16 INFO FileSourceScanExec: Planning scan with bin packing, max size: 4196231 bytes, open cost is considered as scanning 4194304 bytes.
[2021-08-10 16:04:17,013] {spark_submit_hook.py:479} INFO - 21/08/10 16:04:17 INFO SparkContext: Starting job: json at NativeMethodAccessorImpl.java:0
[2021-08-10 16:04:17,016] {spark_submit_hook.py:479} INFO - 21/08/10 16:04:17 INFO DAGScheduler: Got job 2 (json at NativeMethodAccessorImpl.java:0) with 1 output partitions
[2021-08-10 16:04:17,016] {spark_submit_hook.py:479} INFO - 21/08/10 16:04:17 INFO DAGScheduler: Final stage: ResultStage 2 (json at NativeMethodAccessorImpl.java:0)
[2021-08-10 16:04:17,016] {spark_submit_hook.py:479} INFO - 21/08/10 16:04:17 INFO DAGScheduler: Parents of final stage: List()
[2021-08-10 16:04:17,016] {spark_submit_hook.py:479} INFO - 21/08/10 16:04:17 INFO DAGScheduler: Missing parents: List()
[2021-08-10 16:04:17,019] {spark_submit_hook.py:479} INFO - 21/08/10 16:04:17 INFO DAGScheduler: Submitting ResultStage 2 (CoalescedRDD[25] at json at NativeMethodAccessorImpl.java:0), which has no missing parents
[2021-08-10 16:04:17,062] {spark_submit_hook.py:479} INFO - 21/08/10 16:04:17 INFO MemoryStore: Block broadcast_5 stored as values in memory (estimated size 185.2 KiB, free 364.9 MiB)
[2021-08-10 16:04:17,068] {spark_submit_hook.py:479} INFO - 21/08/10 16:04:17 INFO MemoryStore: Block broadcast_5_piece0 stored as bytes in memory (estimated size 65.8 KiB, free 364.8 MiB)
[2021-08-10 16:04:17,071] {spark_submit_hook.py:479} INFO - 21/08/10 16:04:17 INFO BlockManagerInfo: Added broadcast_5_piece0 in memory on 172.27.122.8:37499 (size: 65.8 KiB, free: 366.1 MiB)
[2021-08-10 16:04:17,079] {spark_submit_hook.py:479} INFO - 21/08/10 16:04:17 INFO SparkContext: Created broadcast 5 from broadcast at DAGScheduler.scala:1388
[2021-08-10 16:04:17,080] {spark_submit_hook.py:479} INFO - 21/08/10 16:04:17 INFO DAGScheduler: Submitting 1 missing tasks from ResultStage 2 (CoalescedRDD[25] at json at NativeMethodAccessorImpl.java:0) (first 15 tasks are for partitions Vector(0))
[2021-08-10 16:04:17,080] {spark_submit_hook.py:479} INFO - 21/08/10 16:04:17 INFO TaskSchedulerImpl: Adding task set 2.0 with 1 tasks resource profile 0
[2021-08-10 16:04:17,084] {spark_submit_hook.py:479} INFO - 21/08/10 16:04:17 INFO TaskSetManager: Starting task 0.0 in stage 2.0 (TID 2) (172.27.122.8, executor driver, partition 0, PROCESS_LOCAL, 5176 bytes) taskResourceAssignments Map()
[2021-08-10 16:04:17,086] {spark_submit_hook.py:479} INFO - 21/08/10 16:04:17 INFO Executor: Running task 0.0 in stage 2.0 (TID 2)
[2021-08-10 16:04:17,116] {spark_submit_hook.py:479} INFO - 21/08/10 16:04:17 INFO FileOutputCommitter: File Output Committer Algorithm version is 1
[2021-08-10 16:04:17,117] {spark_submit_hook.py:479} INFO - 21/08/10 16:04:17 INFO FileOutputCommitter: FileOutputCommitter skip cleanup _temporary folders under output directory:false, ignore cleanup failures: false
[2021-08-10 16:04:17,118] {spark_submit_hook.py:479} INFO - 21/08/10 16:04:17 INFO SQLHadoopMapReduceCommitProtocol: Using output committer class org.apache.hadoop.mapreduce.lib.output.FileOutputCommitter
[2021-08-10 16:04:17,193] {spark_submit_hook.py:479} INFO - 21/08/10 16:04:17 INFO CodeGenerator: Code generated in 16.6171 ms
[2021-08-10 16:04:17,196] {spark_submit_hook.py:479} INFO - 21/08/10 16:04:17 INFO FileScanRDD: Reading File path: file:///home/ibernardes/datapipeline/datalake/bronze/twitter_aluraonline/extract_date=2021-08-08/AluraOnline_20210808.json, range: 0-1927, partition values: [empty row]
[2021-08-10 16:04:17,220] {spark_submit_hook.py:479} INFO - 21/08/10 16:04:17 INFO CodeGenerator: Code generated in 20.4244 ms
[2021-08-10 16:04:17,236] {spark_submit_hook.py:479} INFO - 21/08/10 16:04:17 INFO CodeGenerator: Code generated in 9.2362 ms
[2021-08-10 16:04:17,257] {spark_submit_hook.py:479} INFO - 21/08/10 16:04:17 INFO FileOutputCommitter: Saved output of task 'attempt_202108101604168810032749518068247_0002_m_000000_2' to file:/home/ibernardes/datapipeline/datalake/silver/twitter_aluraonline/user/process_date=2021-08-08/_temporary/0/task_202108101604168810032749518068247_0002_m_000000
[2021-08-10 16:04:17,258] {spark_submit_hook.py:479} INFO - 21/08/10 16:04:17 INFO SparkHadoopMapRedUtil: attempt_202108101604168810032749518068247_0002_m_000000_2: Committed
[2021-08-10 16:04:17,261] {spark_submit_hook.py:479} INFO - 21/08/10 16:04:17 INFO Executor: Finished task 0.0 in stage 2.0 (TID 2). 2858 bytes result sent to driver
[2021-08-10 16:04:17,266] {spark_submit_hook.py:479} INFO - 21/08/10 16:04:17 INFO TaskSetManager: Finished task 0.0 in stage 2.0 (TID 2) in 183 ms on 172.27.122.8 (executor driver) (1/1)
[2021-08-10 16:04:17,266] {spark_submit_hook.py:479} INFO - 21/08/10 16:04:17 INFO TaskSchedulerImpl: Removed TaskSet 2.0, whose tasks have all completed, from pool
[2021-08-10 16:04:17,268] {spark_submit_hook.py:479} INFO - 21/08/10 16:04:17 INFO DAGScheduler: ResultStage 2 (json at NativeMethodAccessorImpl.java:0) finished in 0.246 s
[2021-08-10 16:04:17,269] {spark_submit_hook.py:479} INFO - 21/08/10 16:04:17 INFO DAGScheduler: Job 2 is finished. Cancelling potential speculative or zombie tasks for this job
[2021-08-10 16:04:17,269] {spark_submit_hook.py:479} INFO - 21/08/10 16:04:17 INFO TaskSchedulerImpl: Killing all running tasks in stage 2: Stage finished
[2021-08-10 16:04:17,269] {spark_submit_hook.py:479} INFO - 21/08/10 16:04:17 INFO DAGScheduler: Job 2 finished: json at NativeMethodAccessorImpl.java:0, took 0.255405 s
[2021-08-10 16:04:17,297] {spark_submit_hook.py:479} INFO - 21/08/10 16:04:17 INFO FileFormatWriter: Write Job be6324b2-32d0-476d-8e28-b284ccf526dd committed.
[2021-08-10 16:04:17,299] {spark_submit_hook.py:479} INFO - 21/08/10 16:04:17 INFO FileFormatWriter: Finished processing stats for write job be6324b2-32d0-476d-8e28-b284ccf526dd.
[2021-08-10 16:04:17,368] {spark_submit_hook.py:479} INFO - 21/08/10 16:04:17 INFO SparkUI: Stopped Spark web UI at http://172.27.122.8:4040
[2021-08-10 16:04:17,384] {spark_submit_hook.py:479} INFO - 21/08/10 16:04:17 INFO MapOutputTrackerMasterEndpoint: MapOutputTrackerMasterEndpoint stopped!
[2021-08-10 16:04:17,398] {spark_submit_hook.py:479} INFO - 21/08/10 16:04:17 INFO MemoryStore: MemoryStore cleared
[2021-08-10 16:04:17,399] {spark_submit_hook.py:479} INFO - 21/08/10 16:04:17 INFO BlockManager: BlockManager stopped
[2021-08-10 16:04:17,410] {spark_submit_hook.py:479} INFO - 21/08/10 16:04:17 INFO BlockManagerMaster: BlockManagerMaster stopped
[2021-08-10 16:04:17,413] {spark_submit_hook.py:479} INFO - 21/08/10 16:04:17 INFO OutputCommitCoordinator$OutputCommitCoordinatorEndpoint: OutputCommitCoordinator stopped!
[2021-08-10 16:04:17,419] {spark_submit_hook.py:479} INFO - 21/08/10 16:04:17 INFO SparkContext: Successfully stopped SparkContext
[2021-08-10 16:04:17,426] {spark_submit_hook.py:479} INFO - 21/08/10 16:04:17 INFO ShutdownHookManager: Shutdown hook called
[2021-08-10 16:04:17,428] {spark_submit_hook.py:479} INFO - 21/08/10 16:04:17 INFO ShutdownHookManager: Deleting directory /tmp/spark-28925921-2f72-4bdc-8f4b-95aa813bec55
[2021-08-10 16:04:17,433] {spark_submit_hook.py:479} INFO - 21/08/10 16:04:17 INFO ShutdownHookManager: Deleting directory /tmp/spark-28925921-2f72-4bdc-8f4b-95aa813bec55/pyspark-82b8a2a9-dbd2-4cd8-ad98-e304945e0473
[2021-08-10 16:04:17,439] {spark_submit_hook.py:479} INFO - 21/08/10 16:04:17 INFO ShutdownHookManager: Deleting directory /tmp/spark-e28e20b4-81c0-4644-af37-63787591074e
[2021-08-10 16:04:17,500] {taskinstance.py:1070} INFO - Marking task as SUCCESS.dag_id=twitter_dag, task_id=transform_twitter_aluraonline, execution_date=20210808T090000, start_date=20210810T190403, end_date=20210810T190417
[2021-08-10 16:04:18,378] {local_task_job.py:102} INFO - Task exited with return code 0
